"../../../../Projects/MobileRunner 4.25/Content/Balcony_M.uasset" 0
"../../../../Projects/MobileRunner 4.25/Content/Balcony.uasset" 1
"../../../../Projects/MobileRunner 4.25/Content/Knife2.uasset" 2
"../../../../Projects/MobileRunner 4.25/Content/Knife1.uasset" 3
"../../../Engine/Content/EngineMaterials/DefaultDiffuse.uasset" 4
"../../../Engine/Content/EngineMaterials/EmissiveTexturedMaterial.uasset" 5
"../../../Engine/Content/EngineMeshes/ParticleCube.uasset" 6
"../../../../Projects/MobileRunner 4.25/Content/Knife_Projectile.uasset" 7
"../../../../Projects/MobileRunner 4.25/Content/Maid_Run_Skeleton.uasset" 8
"../../../../Projects/MobileRunner 4.25/Content/Maid_BS.uasset" 9
"../../../Engine/Content/Animation/DefaultAnimBoneCompressionSettings.uasset" 10
"../../../../Projects/MobileRunner 4.25/Content/Maid_Run_Anim.uasset" 11
"../../../../Projects/MobileRunner 4.25/Content/PizzaBoxBG.uasset" 12
"../../../../Projects/MobileRunner 4.25/Content/Scaf_Support.uasset" 13
"../../../../Projects/MobileRunner 4.25/Content/Scafold_Support.uasset" 14
"../../../Engine/Content/Functions/Engine_MaterialFunctions02/HueShift.uasset" 15
"../../../../Projects/MobileRunner 4.25/Content/Background/2D_Flat_02.uasset" 16
"../../../../Projects/MobileRunner 4.25/Content/Background/B0_Master.uasset" 17
"../../../../Projects/MobileRunner 4.25/Content/Background/2D_Flat.uasset" 18
"../../../../Projects/MobileRunner 4.25/Content/Background/C1.uasset" 19
"../../../../Projects/MobileRunner 4.25/Content/Background/C2.uasset" 20
"../../../../Projects/MobileRunner 4.25/Content/Background/B1.uasset" 21
"../../../../Projects/MobileRunner 4.25/Content/Background/c3.uasset" 22
"../../../../Projects/MobileRunner 4.25/Content/Background/B2.uasset" 23
"../../../../Projects/MobileRunner 4.25/Content/Background/B3.uasset" 24
"../../../../Projects/MobileRunner 4.25/Content/Background/B4.uasset" 25
"../../../../Projects/MobileRunner 4.25/Content/Background/C4.uasset" 26
"../../../../Projects/MobileRunner 4.25/Content/Background/Houses_Plane.uasset" 27
"../../../../Projects/MobileRunner 4.25/Content/Background/Houses_Plane_001.uasset" 28
"../../../../Projects/MobileRunner 4.25/Content/Geometry/Meshes/CubeMaterial.uasset" 29
"../../../../Projects/MobileRunner 4.25/Content/Geometry/Meshes/1M_Cube_Chamfer.uasset" 30
"../../../../Projects/MobileRunner 4.25/Content/Lightning_Electricity_Pack/MAP/MAP_Materials/NewMaterial.uasset" 31
"../../../../Projects/MobileRunner 4.25/Content/Lightning_Electricity_Pack/MAP/MAP_Materials/M_Color.uasset" 32
"../../../../Projects/MobileRunner 4.25/Content/Lightning_Electricity_Pack/MAP/MAP_Materials/MI_Grey.uasset" 33
"../../../../Projects/MobileRunner 4.25/Content/Lightning_Electricity_Pack/MAP/MAP_Textures/T_Lab.uasset" 34
"../../../../Projects/MobileRunner 4.25/Content/Lightning_Electricity_Pack/MAP/MAP_Materials/M_Stand.uasset" 35
"../../../../Projects/MobileRunner 4.25/Content/Lightning_Electricity_Pack/MAP/MAP_Materials/MI_Stand_1.uasset" 36
"../../../../Projects/MobileRunner 4.25/Content/Lightning_Electricity_Pack/MAP/MAP_Meshes/SM_Stand_1.uasset" 37
"../../../../Projects/MobileRunner 4.25/Content/Lightning_Electricity_Pack/Materials/M_Clear.uasset" 38
"../../../../Projects/MobileRunner 4.25/Content/Lightning_Electricity_Pack/Materials/M_Emissive_ribbon.uasset" 39
"../../../../Projects/MobileRunner 4.25/Content/MobileStarterContent/Materials/M_Basic_Wall.uasset" 40
"../../../../Projects/MobileRunner 4.25/Content/MobileStarterContent/Architecture/Wall_400x200.uasset" 41
"../../../../Projects/MobileRunner 4.25/Content/MobileStarterContent/Audio/Collapse01.uasset" 42
"../../../../Projects/MobileRunner 4.25/Content/MobileStarterContent/Audio/Collapse02.uasset" 43
"../../../../Projects/MobileRunner 4.25/Content/MobileStarterContent/Audio/Collapse_Cue.uasset" 44
"../../../../Projects/MobileRunner 4.25/Content/MobileStarterContent/Textures/T_Burst_M.uasset" 45
"../../../../Projects/MobileRunner 4.25/Content/MobileStarterContent/Particles/Materials/M_Burst.uasset" 46
"../../../../Projects/MobileRunner 4.25/Content/MobileStarterContent/Textures/T_Explosion_SubUV.uasset" 47
"../../../../Projects/MobileRunner 4.25/Content/MobileStarterContent/Particles/Materials/M_explosion_subUV.uasset" 48
"../../../../Projects/MobileRunner 4.25/Content/MobileStarterContent/Particles/Materials/m_flare_01.uasset" 49
"../../../Engine/Content/Functions/Engine_MaterialFunctions01/Gradient/RadialGradient.uasset" 50
"../../../../Projects/MobileRunner 4.25/Content/MobileStarterContent/Particles/Materials/M_radial_ramp.uasset" 51
"../../../../Projects/MobileRunner 4.25/Content/MobileStarterContent/Textures/T_Smoke_SubUV.uasset" 52
"../../../../Projects/MobileRunner 4.25/Content/MobileStarterContent/Textures/T_Smoke_Tiled_D.uasset" 53
"../../../../Projects/MobileRunner 4.25/Content/MobileStarterContent/Particles/Materials/M_smoke_subUV.uasset" 54
"../../../../Projects/MobileRunner 4.25/Content/MobileStarterContent/Particles/P_Explosion.uasset" 55
"../../../../Projects/MobileRunner 4.25/Content/MobileStarterContent/Textures/T_Fire_SubUV.uasset" 56
"../../../../Projects/MobileRunner 4.25/Content/MobileStarterContent/Textures/T_Fire_Tiled_D.uasset" 57
"../../../../Projects/MobileRunner 4.25/Content/MobileStarterContent/Particles/Materials/M_Fire_SubUV.uasset" 58
"../../../../Projects/MobileRunner 4.25/Content/MobileStarterContent/Particles/Materials/M_Radial_Gradient.uasset" 59
"../../../../Projects/MobileRunner 4.25/Content/MobileStarterContent/Particles/P_Fire.uasset" 60
"../../../../Projects/MobileRunner 4.25/Content/MobileStarterContent/Particles/P_Smoke.uasset" 61
"../../../../Projects/MobileRunner 4.25/Content/MobileStarterContent/Textures/T_Spark_Core.uasset" 62
"../../../../Projects/MobileRunner 4.25/Content/MobileStarterContent/Particles/Materials/M_Spark.uasset" 63
"../../../../Projects/MobileRunner 4.25/Content/MobileStarterContent/Particles/P_Sparks.uasset" 64
"../../../../Projects/MobileRunner 4.25/Content/MobileStarterContent/Textures/T_Dust_Particle_D.uasset" 65
"../../../../Projects/MobileRunner 4.25/Content/MobileStarterContent/Particles/Materials/M_Dust_Particle.uasset" 66
"../../../../Projects/MobileRunner 4.25/Content/SideScrollerBP/SideScrollerOverview.uasset" 67
"../../../../Projects/MobileRunner 4.25/Content/MobileStarterContent/Shapes/Shape_Plane.uasset" 68
"../../../../Projects/MobileRunner 4.25/Content/SideScrollerBP/Blueprints/Background1.uasset" 69
"../../../../Projects/MobileRunner 4.25/Content/SideScrollerBP/Blueprints/Background.uasset" 70
"../../../../Projects/MobileRunner 4.25/Content/SideScrollerBP/Blueprints/Background3.uasset" 71
"../../../Engine/Content/EditorBlueprintResources/StandardMacros.uasset" 72
"../../../../Projects/MobileRunner 4.25/Content/SideScrollerBP/Blueprints/BP_PlayerFollow.uasset" 73
"../../../../Projects/MobileRunner 4.25/Content/runner_Animated_Skeleton.uasset" 74
"../../../../Projects/MobileRunner 4.25/Content/Jump.uasset" 75
"../../../../Projects/MobileRunner 4.25/Content/Run.uasset" 76
"../../../../Projects/MobileRunner 4.25/Content/Runner_BS.uasset" 77
"../../../../Projects/MobileRunner 4.25/Content/RunnerAnim_BP.uasset" 78
"../../../../Projects/MobileRunner 4.25/Content/SideScrollerBP/Blueprints/UI/Images/Peach.uasset" 79
"../../../../Projects/MobileRunner 4.25/Content/Peach_M.uasset" 80
"../../../../Projects/MobileRunner 4.25/Content/Peach.uasset" 81
"../../../../Projects/MobileRunner 4.25/Content/SideScrollerBP/Blueprints/BP_PeachP.uasset" 82
"../../../../Projects/MobileRunner 4.25/Content/SideScrollerBP/Blueprints/Background2.uasset" 83
"../../../../Projects/MobileRunner 4.25/Content/Maid_Idle.uasset" 84
"../../../../Projects/MobileRunner 4.25/Content/Maid_Jump.uasset" 85
"../../../../Projects/MobileRunner 4.25/Content/MaidAnim_BP.uasset" 86
"../../../../Projects/MobileRunner 4.25/Content/SideScrollerBP/Blueprints/BP_10Points.uasset" 87
"../../../../Projects/MobileRunner 4.25/Content/FXVarietyPack/Materials/M_ky_empty.uasset" 88
"../../../Engine/Content/Functions/Engine_MaterialFunctions01/Density/ExponentialDensity.uasset" 89
"../../../Engine/Content/Functions/Engine_MaterialFunctions01/Gradient/RadialGradientExponential.uasset" 90
"../../../../Projects/MobileRunner 4.25/Content/FXVarietyPack/Textures/T_ky_noise6.uasset" 91
"../../../../Projects/MobileRunner 4.25/Content/FXVarietyPack/Materials/M_ky_waterDust02.uasset" 92
"../../../../Projects/MobileRunner 4.25/Content/FXVarietyPack/Textures/T_ky_flare_a.uasset" 93
"../../../../Projects/MobileRunner 4.25/Content/FXVarietyPack/Materials/M_ky_flare_flash.uasset" 94
"../../../../Projects/MobileRunner 4.25/Content/FXVarietyPack/Materials/MI_ky_flare_flash_trs.uasset" 95
"../../../../Projects/MobileRunner 4.25/Content/FXVarietyPack/Materials/Mfunction/MF_ky_VectorToRadialValue.uasset" 96
"../../../../Projects/MobileRunner 4.25/Content/FXVarietyPack/Textures/T_ky_decoLines.uasset" 97
"../../../../Projects/MobileRunner 4.25/Content/FXVarietyPack/Textures/T_ky_decoLinesB.uasset" 98
"../../../../Projects/MobileRunner 4.25/Content/FXVarietyPack/Materials/M_ky_polar.uasset" 99
"../../../../Projects/MobileRunner 4.25/Content/FXVarietyPack/Materials/MI_ky_polar_two.uasset" 100
"../../../../Projects/MobileRunner 4.25/Content/FXVarietyPack/Textures/T_ky_smoke1.uasset" 101
"../../../../Projects/MobileRunner 4.25/Content/FXVarietyPack/Materials/M_ky_smoke01.uasset" 102
"../../../../Projects/MobileRunner 4.25/Content/FXVarietyPack/Materials/MI_ky_smoke01c.uasset" 103
"../../../Engine/Content/Functions/Engine_MaterialFunctions01/Opacity/CameraDepthFade.uasset" 104
"../../../Engine/Content/EngineMaterials/T_Default_Material_Grid_M.uasset" 105
"../../../Engine/Content/EngineMaterials/T_Default_Material_Grid_N.uasset" 106
"../../../Engine/Content/EngineMaterials/WorldGridMaterial.uasset" 107
"../../../../Projects/MobileRunner 4.25/Content/FXVarietyPack/Meshes/SM_ky_quad_centerRot.uasset" 108
"../../../../Projects/MobileRunner 4.25/Content/FXVarietyPack/Particles/P_ky_waterBallHit.uasset" 109
"../../../../Projects/MobileRunner 4.25/Content/Maid_D.uasset" 110
"../../../../Projects/MobileRunner 4.25/Content/Maid.uasset" 111
"../../../../Projects/MobileRunner 4.25/Content/Maid_Run_PhysicsAsset.uasset" 112
"../../../../Projects/MobileRunner 4.25/Content/Maid_Run.uasset" 113
"../../../../Projects/MobileRunner 4.25/Content/SideScrollerBP/Blueprints/Sounds/MusicClass.uasset" 114
"../../../../Projects/MobileRunner 4.25/Content/SideScrollerBP/Blueprints/Sounds/MasterClass.uasset" 115
"../../../../Projects/MobileRunner 4.25/Content/SideScrollerBP/Blueprints/Sounds/SFXClass.uasset" 116
"../../../../Projects/MobileRunner 4.25/Content/SideScrollerBP/Blueprints/Sounds/EnemyDeath.uasset" 117
"../../../../Projects/MobileRunner 4.25/Content/SideScrollerBP/Blueprints/EnemyHighJumper.uasset" 118
"../../../../Projects/MobileRunner 4.25/Content/SideScrollerBP/Blueprints/EnemyJumper.uasset" 119
"../../../../Projects/MobileRunner 4.25/Content/SideScrollerBP/Blueprints/UI/SaveData.uasset" 120
"../../../../Projects/MobileRunner 4.25/Content/FXVarietyPack/Textures/T_ky_bg_LC.uasset" 121
"../../../../Projects/MobileRunner 4.25/Content/FXVarietyPack/Materials/M_ky_subUV_dynRGB.uasset" 122
"../../../../Projects/MobileRunner 4.25/Content/FXVarietyPack/Textures/T_ky_flare25_4x4.uasset" 123
"../../../../Projects/MobileRunner 4.25/Content/FXVarietyPack/Materials/MI_ky_flare25_4x4.uasset" 124
"../../../Engine/Content/Functions/Engine_MaterialFunctions02/Fresnel_Function.uasset" 125
"../../../../Projects/MobileRunner 4.25/Content/FXVarietyPack/Materials/M_ky_primitive.uasset" 126
"../../../../Projects/MobileRunner 4.25/Content/FXVarietyPack/Materials/MI_ky_primitive2b_trs.uasset" 127
"../../../../Projects/MobileRunner 4.25/Content/FXVarietyPack/Particles/P_ky_hit1.uasset" 128
"../../../../Projects/MobileRunner 4.25/Content/ScholarStone_T.uasset" 129
"../../../../Projects/MobileRunner 4.25/Content/ScholarStone_M.uasset" 130
"../../../../Projects/MobileRunner 4.25/Content/ScholarStone.uasset" 131
"../../../../Projects/MobileRunner 4.25/Content/SideScrollerBP/Blueprints/Sounds/coin-drop-5.uasset" 132
"../../../../Projects/MobileRunner 4.25/Content/SideScrollerBP/Blueprints/FloorTiles/BP_Currency.uasset" 133
"../../../../Projects/MobileRunner 4.25/Content/SideScrollerBP/Meshes/CubeMaterial.uasset" 134
"../../../../Projects/MobileRunner 4.25/Content/Background/B_Med_01.uasset" 135
"../../../../Projects/MobileRunner 4.25/Content/Background/B_Short_02.uasset" 136
"../../../../Projects/MobileRunner 4.25/Content/Background/B_Short_03.uasset" 137
"../../../../Projects/MobileRunner 4.25/Content/Geometry/Meshes/1M_Cube.uasset" 138
"../../../../Projects/MobileRunner 4.25/Content/SideScrollerBP/Blueprints/FloorTiles/BP_FloorTileFirst.uasset" 139
"../../../../Projects/MobileRunner 4.25/Content/SideScrollerBP/Blueprints/FloorTiles/BP_FloorTileFlat.uasset" 140
"../../../../Projects/MobileRunner 4.25/Content/Knife.uasset" 141
"../../../../Projects/MobileRunner 4.25/Content/SideScrollerBP/Blueprints/BP_KnifeProjectile.uasset" 142
"../../../../Projects/MobileRunner 4.25/Content/SideScrollerBP/Blueprints/EnemyFlatJumper.uasset" 143
"../../../../Projects/MobileRunner 4.25/Content/Hus_Run_Skeleton.uasset" 144
"../../../../Projects/MobileRunner 4.25/Content/Hus_Jump.uasset" 145
"../../../../Projects/MobileRunner 4.25/Content/Hus_Run_Anim.uasset" 146
"../../../../Projects/MobileRunner 4.25/Content/HusAnim_BP.uasset" 147
"../../../../Projects/MobileRunner 4.25/Content/Husband_D.uasset" 148
"../../../../Projects/MobileRunner 4.25/Content/Husband.uasset" 149
"../../../../Projects/MobileRunner 4.25/Content/Hus_Run_PhysicsAsset.uasset" 150
"../../../../Projects/MobileRunner 4.25/Content/Hus_Run.uasset" 151
"../../../../Projects/MobileRunner 4.25/Content/SideScrollerBP/Blueprints/Sounds/Respect.uasset" 152
"../../../../Projects/MobileRunner 4.25/Content/SideScrollerBP/Blueprints/EnemyRunner.uasset" 153
"../../../../Projects/MobileRunner 4.25/Content/SideScrollerBP/Blueprints/Sounds/Knife.uasset" 154
"../../../../Projects/MobileRunner 4.25/Content/SideScrollerBP/Blueprints/FloorTiles/BP_FloorTileFlat1.uasset" 155
"../../../../Projects/MobileRunner 4.25/Content/SideScrollerBP/Blueprints/FloorTiles/Platform/BP_Platform.uasset" 156
"../../../Engine/Content/Functions/Engine_MaterialFunctions02/Utility/VectorLength.uasset" 157
"../../../Engine/Content/Functions/Engine_MaterialFunctions02/WorldPositionOffset/ObjectScale.uasset" 158
"../../../../Projects/MobileRunner 4.25/Content/Lightning_Electricity_Pack/Textures/T_RibbonOpacity.uasset" 159
"../../../../Projects/MobileRunner 4.25/Content/Lightning_Electricity_Pack/Textures/T_WhiteClouds.uasset" 160
"../../../../Projects/MobileRunner 4.25/Content/Lightning_Electricity_Pack/Materials/M_Mesh_Elec.uasset" 161
"../../../../Projects/MobileRunner 4.25/Content/Lightning_Electricity_Pack/Materials/MI_Mesh_Thin.uasset" 162
"../../Plugins/FX/Niagara/Content/DynamicInputs/Add/Add_Vector.uasset" 163
"../../Plugins/FX/Niagara/Content/DynamicInputs/Angles/NormalizedAngleToDegrees.uasset" 164
"../../Plugins/FX/Niagara/Content/DynamicInputs/Multiply/Multiply_Float.uasset" 165
"../../Plugins/FX/Niagara/Content/DynamicInputs/Multiply/Multiply_VectorByFloat.uasset" 166
"../../Plugins/FX/Niagara/Content/Enums/ENiagaraCoordinateSpace.uasset" 167
"../../Plugins/FX/Niagara/Content/Functions/Localspace/TransformBase.uasset" 168
"../../Plugins/FX/Niagara/Content/Functions/Localspace/TransformVector.uasset" 169
"../../Plugins/FX/Niagara/Content/Enums/ENiagaraRandomnessMode.uasset" 170
"../../Plugins/FX/Niagara/Content/Functions/GetRandomInfo.uasset" 171
"../../Plugins/FX/Niagara/Content/Functions/RandomRangeFloat.uasset" 172
"../../Plugins/FX/Niagara/Content/Functions/RandomUnitVector.uasset" 173
"../../Plugins/FX/Niagara/Content/DynamicInputs/Random/RandomVector.uasset" 174
"../../Plugins/FX/Niagara/Content/DynamicInputs/TypeConversions/VectorFromFloat.uasset" 175
"../../Plugins/FX/Niagara/Content/DynamicInputs/UniformRange/UniformRangedFloat.uasset" 176
"../../Plugins/FX/Niagara/Content/DynamicInputs/ValueFromCurve/FloatFromCurve.uasset" 177
"../../Plugins/FX/Niagara/Content/Functions/Emitter/EmitterChangeState.uasset" 178
"../../Plugins/FX/Niagara/Content/Enums/ENiagara_EmitterStateOptions.uasset" 179
"../../Plugins/FX/Niagara/Content/Enums/ENiagara_InfiniteLoopDuration.uasset" 180
"../../Plugins/FX/Niagara/Content/Enums/ENiagaraEmitterLifeCycleMode.uasset" 181
"../../Plugins/FX/Niagara/Content/Enums/ENiagaraEmitterScalabilityMode_Limited.uasset" 182
"../../Plugins/FX/Niagara/Content/Enums/ENiagaraExecutionStateManagement.uasset" 183
"../../Plugins/FX/Niagara/Content/Enums/ENiagaraInactiveMode.uasset" 184
"../../Plugins/FX/Niagara/Content/Modules/Emitter/EmitterState.uasset" 185
"../../Plugins/FX/Niagara/Content/Modules/Emitter/EmitterLifeCycle.uasset" 186
"../../Plugins/FX/Niagara/Content/Modules/Emitter/SpawnRate.uasset" 187
"../../Plugins/FX/Niagara/Content/Functions/Localspace/SimulationPosition.uasset" 188
"../../Plugins/FX/Niagara/Content/Modules/Spawn/Initialization/InitializeParticle.uasset" 189
"../../Plugins/FX/Niagara/Content/Modules/Spawn/MeshInterface/SampleStaticMesh.uasset" 190
"../../Plugins/FX/Niagara/Content/Functions/DirectionAndLengthSafe.uasset" 191
"../../Plugins/FX/Niagara/Content/Functions/Rotation/FindQuatBetween.uasset" 192
"../../Plugins/FX/Niagara/Content/Functions/Rotation/MultiplyQuaternion.uasset" 193
"../../Plugins/FX/Niagara/Content/Functions/Rotation/AxisAngleToQuaternion.uasset" 194
"../../Plugins/FX/Niagara/Content/Modules/Solvers/ApplyRotationVector.uasset" 195
"../../Plugins/FX/Niagara/Content/Enums/ENiagaraMeshTransforms.uasset" 196
"../../Plugins/FX/Niagara/Content/Modules/Spawn/Orientation/V2/InitialMeshOrientation.uasset" 197
"../../Plugins/FX/Niagara/Content/Functions/System/SystemChangeState.uasset" 198
"../../Plugins/FX/Niagara/Content/Enums/ENiagaraSystemInactiveMode.uasset" 199
"../../Plugins/FX/Niagara/Content/Modules/System/SystemState.uasset" 200
"../../Plugins/FX/Niagara/Content/Enums/ENiagaraScaleColorMode.uasset" 201
"../../Plugins/FX/Niagara/Content/Modules/Update/Color/ScaleColor.uasset" 202
"../../Plugins/FX/Niagara/Content/Modules/Update/Lifetime/ParticleState.uasset" 203
"../../Plugins/FX/Niagara/Content/Modules/Update/Material/DynamicMaterialParameters.uasset" 204
"../../Plugins/FX/Niagara/Content/Modules/Update/Size/ScaleMeshSize.uasset" 205
"../../../../Projects/MobileRunner 4.25/Content/Lightning_Electricity_Pack/MAP/MAP_Meshes/SM_Torus.uasset" 206
"../../../../Projects/MobileRunner 4.25/Content/Lightning_Electricity_Pack/Meshes/SM_Lightning.uasset" 207
"../../../../Projects/MobileRunner 4.25/Content/Lightning_Electricity_Pack/Particles/P_StaticMesh_Lightning.uasset" 208
"../../../Engine/Content/BasicShapes/Cube.uasset" 209
"../../../../Projects/MobileRunner 4.25/Content/Background/B_Med_02.uasset" 210
"../../../../Projects/MobileRunner 4.25/Content/Background/B_Short_01.uasset" 211
"../../../../Projects/MobileRunner 4.25/Content/Background/B_Small_02.uasset" 212
"../../../../Projects/MobileRunner 4.25/Content/Background/B_Tall_01.uasset" 213
"../../../../Projects/MobileRunner 4.25/Content/JunctionBox_D.uasset" 214
"../../../../Projects/MobileRunner 4.25/Content/Junction_Box.uasset" 215
"../../../../Projects/MobileRunner 4.25/Content/E3369.uasset" 216
"../../../../Projects/MobileRunner 4.25/Content/Label.uasset" 217
"../../../../Projects/MobileRunner 4.25/Content/JunctionBox.uasset" 218
"../../../../Projects/MobileRunner 4.25/Content/MobileStarterContent/Materials/M_Basic_Floor.uasset" 219
"../../../../Projects/MobileRunner 4.25/Content/MobileStarterContent/Architecture/Floor_400x400.uasset" 220
"../../../../Projects/MobileRunner 4.25/Content/Scaf_Platform.uasset" 221
"../../../../Projects/MobileRunner 4.25/Content/Scafold_platform.uasset" 222
"../../../../Projects/MobileRunner 4.25/Content/SideScrollerBP/Blueprints/FloorTiles/BP_FloorTileFloorHazard.uasset" 223
"../../../../Projects/MobileRunner 4.25/Content/Background/B_Short_04.uasset" 224
"../../../../Projects/MobileRunner 4.25/Content/Background/B_Tall_03.uasset" 225
"../../../../Projects/MobileRunner 4.25/Content/SideScrollerBP/Blueprints/FloorTiles/BP_FloorTilePlatform1.uasset" 226
"../../../../Projects/MobileRunner 4.25/Content/Background/B_Med_03.uasset" 227
"../../../../Projects/MobileRunner 4.25/Content/Background/B_Small_01.uasset" 228
"../../../../Projects/MobileRunner 4.25/Content/Background/B_Tall_02.uasset" 229
"../../../../Projects/MobileRunner 4.25/Content/SideScrollerBP/Blueprints/FloorTiles/BP_FloorTilePlatform2.uasset" 230
"../../../../Projects/MobileRunner 4.25/Content/SideScrollerBP/Blueprints/FloorTiles/BP_FloorTilePlatform3.uasset" 231
"../../../../Projects/MobileRunner 4.25/Content/T_ScholarStone_Icon.uasset" 232
"../../../../Projects/MobileRunner 4.25/Content/SideScrollerBP/Blueprints/UI/RunnerHUD.uasset" 233
"../../../../Projects/MobileRunner 4.25/Content/SideScrollerBP/Blueprints/SideScrollerGameMode.uasset" 234
"../../../../Projects/MobileRunner 4.25/Content/Runner_D.uasset" 235
"../../../../Projects/MobileRunner 4.25/Content/Runner.uasset" 236
"../../../../Projects/MobileRunner 4.25/Content/runner_Animated_PhysicsAsset.uasset" 237
"../../../../Projects/MobileRunner 4.25/Content/runner_Animated.uasset" 238
"../../../../Projects/MobileRunner 4.25/Content/SideScrollerBP/Blueprints/Sounds/DeathLong.uasset" 239
"../../../../Projects/MobileRunner 4.25/Content/SideScrollerBP/Blueprints/Sounds/DoubleJump.uasset" 240
"../../../../Projects/MobileRunner 4.25/Content/SideScrollerBP/Blueprints/Sounds/Jump.uasset" 241
"../../../../Projects/MobileRunner 4.25/Content/SideScrollerBP/Blueprints/Sounds/PeachThrow.uasset" 242
"../../../../Projects/MobileRunner 4.25/Content/SideScrollerBP/Blueprints/UI/Huy_Ui/Game_Over.uasset" 243
"../../../../Projects/MobileRunner 4.25/Content/SideScrollerBP/Blueprints/UI/Huy_Ui/MM.uasset" 244
"../../../../Projects/MobileRunner 4.25/Content/SideScrollerBP/Blueprints/UI/Huy_Ui/MM_Hovered.uasset" 245
"../../../../Projects/MobileRunner 4.25/Content/SideScrollerBP/Blueprints/UI/Huy_Ui/Restart.uasset" 246
"../../../../Projects/MobileRunner 4.25/Content/SideScrollerBP/Blueprints/UI/Huy_Ui/Restart_H.uasset" 247
"../../../../Projects/MobileRunner 4.25/Content/SideScrollerBP/Blueprints/UI/GameOver.uasset" 248
"../../../../Projects/MobileRunner 4.25/Content/SideScrollerBP/Blueprints/Sounds/Opening.uasset" 249
"../../../../Projects/MobileRunner 4.25/Content/SideScrollerBP/Blueprints/Sounds/SFXMix.uasset" 250
"../../../../Projects/MobileRunner 4.25/Content/SideScrollerBP/Blueprints/UI/Options.uasset" 251
"../../../../Projects/MobileRunner 4.25/Content/SideScrollerBP/Blueprints/UI/Pause.uasset" 252
"../../../../Projects/MobileRunner 4.25/Content/SideScrollerBP/Blueprints/PlayerCharacter.uasset" 253
"../../../../Projects/MobileRunner 4.25/Content/SideScrollerBP/Blueprints/BP_RockP.uasset" 254
"../../../../Projects/MobileRunner 4.25/Content/SideScrollerBP/Blueprints/SideScrollerCharacter.uasset" 255
"../../../../Projects/MobileRunner 4.25/Content/SideScrollerBP/Blueprints/FloorTiles/BP_CubeObstacle.uasset" 256
"../../../../Projects/MobileRunner 4.25/Content/Background/Houses_Plane_002.uasset" 257
"../../../../Projects/MobileRunner 4.25/Content/Geometry/Meshes/TemplateFloor.uasset" 258
"../../../../Projects/MobileRunner 4.25/Content/SideScrollerBP/Blueprints/FloorTiles/BP_NewFloorMaterial.uasset" 259
"../../../../Projects/MobileRunner 4.25/Content/SideScrollerBP/Blueprints/FloorTiles/NoUse/BP_FloorTilePitFall1.uasset" 260
"../../../../Projects/MobileRunner 4.25/Content/MobileStarterContent/Shapes/Shape_Wedge_B.uasset" 261
"../../../../Projects/MobileRunner 4.25/Content/SideScrollerBP/Blueprints/FloorTiles/NoUse/BP_FloorTileRamp.uasset" 262
"../../../../Projects/MobileRunner 4.25/Content/SideScrollerBP/Blueprints/Sounds/DeathShort.uasset" 263
"../../../../Projects/MobileRunner 4.25/Content/SideScrollerBP/Blueprints/Sounds/Final_Fantasy_VI_Awakening__Hip_Hop_Instrumental_Remix_.uasset" 264
"../../../../Projects/MobileRunner 4.25/Content/SideScrollerBP/Blueprints/UI/Images/Parasite_Title.uasset" 265
"../../../../Projects/MobileRunner 4.25/Content/SideScrollerBP/Blueprints/UI/Huy_Ui/Huy_Menu.uasset" 266
"../../../../Projects/MobileRunner 4.25/Content/SideScrollerBP/Blueprints/UI/Images/Parasite_Title2.uasset" 267
"../../../../Projects/MobileRunner 4.25/Content/SideScrollerBP/Blueprints/UI/Images/Parasite_Title3.uasset" 268
"../../../../Projects/MobileRunner 4.25/Content/SideScrollerBP/Blueprints/UI/Images/Parasite_Title4.uasset" 269
"../../../../Projects/MobileRunner 4.25/Content/SideScrollerBP/Blueprints/UI/Images/ScholarStonePH.uasset" 270
"../../../../Projects/MobileRunner 4.25/Content/SideScrollerBP/Meshes/Ramp_Mesh.uasset" 271
"../../../Engine/Content/Animation/DefaultAnimCurveCompressionSettings.uasset" 272
"../../../Engine/Content/ArtTools/RenderToTexture/Meshes/S_1_Unit_Plane.uasset" 273
"../../../Engine/Content/EngineMaterials/DefaultMaterial.uasset" 274
"../../../Engine/Content/BasicShapes/Cone.uasset" 275
"../../../Engine/Content/EditorLandscapeResources/DataLayer.uasset" 276
"../../../Engine/Content/EditorMaterials/MAT_Groups_Toggle.uasset" 277
"../../../Engine/Content/EditorMaterials/MAT_Groups_Visibility.uasset" 278
"../../../Engine/Content/EditorMaterials/PreviewShadowIndicator.uasset" 279
"../../../Engine/Content/EditorMaterials/PreviewShadowIndicatorMaterial.uasset" 280
"../../../Engine/Content/EditorMaterials/MatineeGroups/MAT_ColorTrack.uasset" 281
"../../../Engine/Content/EditorMaterials/MatineeGroups/MAT_Groups_Anim.uasset" 282
"../../../Engine/Content/EditorMaterials/MatineeGroups/MAT_Groups_AudioMaster.uasset" 283
"../../../Engine/Content/EditorMaterials/MatineeGroups/MAT_Groups_Director.uasset" 284
"../../../Engine/Content/EditorMaterials/MatineeGroups/MAT_Groups_Event.uasset" 285
"../../../Engine/Content/EditorMaterials/MatineeGroups/MAT_Groups_Fade.uasset" 286
"../../../Engine/Content/EditorMaterials/MatineeGroups/MAT_Groups_Float.uasset" 287
"../../../Engine/Content/EditorMaterials/MatineeGroups/MAT_Groups_Move.uasset" 288
"../../../Engine/Content/EditorMaterials/MatineeGroups/MAT_Groups_Slomo.uasset" 289
"../../../Engine/Content/EditorMaterials/MatineeGroups/MAT_Groups_Sound.uasset" 290
"../../../Engine/Content/EditorMaterials/MatineeGroups/MAT_Groups_Vector.uasset" 291
"../../../Engine/Content/EditorMaterials/ParticleSystems/PSysThumbnail_NoImage.uasset" 292
"../../../Engine/Content/EditorMaterials/ParticleSystems/PSysThumbnail_OOD.uasset" 293
"../../../Engine/Content/EditorMaterials/Camera/CineMat.uasset" 294
"../../../Engine/Content/EditorMaterials/Camera/MI_CineMat_Rig.uasset" 295
"../../../Engine/Content/EditorMeshes/Camera/SM_CraneRig_Arm.uasset" 296
"../../../Engine/Content/EditorMeshes/Camera/SM_CraneRig_Base.uasset" 297
"../../../Engine/Content/EditorMeshes/Camera/SM_CraneRig_Body.uasset" 298
"../../../Engine/Content/EditorMeshes/Camera/SM_CraneRig_Mount.uasset" 299
"../../../Engine/Content/EditorMeshes/Camera/SM_RailRig_Mount.uasset" 300
"../../../Engine/Content/EditorMeshes/Camera/SM_RailRig_Track.uasset" 301
"../../../Engine/Content/EditorResources/BSPVertex.uasset" 302
"../../../Engine/Content/EditorResources/EmptyActor.uasset" 303
"../../../Engine/Content/EditorResources/S_Actor.uasset" 304
"../../../Engine/Content/EditorResources/S_Note.uasset" 305
"../../../Engine/Content/EditorResources/S_Solver.uasset" 306
"../../../Engine/Content/EditorResources/S_Trigger.uasset" 307
"../../../Engine/Content/EditorResources/LightIcons/S_LightError.uasset" 308
"../../../Engine/Content/EditorResources/SequenceRecorder/Countdown.uasset" 309
"../../../Engine/Content/EditorResources/SequenceRecorder/RecordingIndicator.uasset" 310
"../../../Engine/Content/EditorSounds/Notifications/CompileFailed.uasset" 311
"../../../Engine/Content/EditorSounds/Notifications/CompileFailed_Cue.uasset" 312
"../../../Engine/Content/EditorSounds/Notifications/CompileSuccess.uasset" 313
"../../../Engine/Content/EditorSounds/Notifications/CompileStart_Cue.uasset" 314
"../../../Engine/Content/EditorSounds/Notifications/CompileSuccess_Cue.uasset" 315
"../../../Engine/Content/EngineDamageTypes/DmgTypeBP_Environmental.uasset" 316
"../../../Engine/Content/EngineDebugMaterials/DebugEditorMaterial.uasset" 317
"../../../Engine/Content/EngineDebugMaterials/DebugMeshMaterial.uasset" 318
"../../../Engine/Content/EngineDebugMaterials/M_SimpleUnlitTranslucent.uasset" 319
"../../../Engine/Content/Functions/Engine_MaterialFunctions02/Utility/CameraDirectionVector.uasset" 320
"../../../Engine/Content/EngineDebugMaterials/VolumeToRender.uasset" 321
"../../../Engine/Content/EngineDebugMaterials/M_VolumeRenderSphereTracePP.uasset" 322
"../../../Engine/Content/EngineDebugMaterials/WireframeMaterial.uasset" 323
"../../../Engine/Content/EngineFonts/Faces/DroidSansFallback.uasset" 324
"../../../Engine/Content/EngineFonts/Faces/RobotoBold.uasset" 325
"../../../Engine/Content/EngineFonts/Faces/RobotoBoldItalic.uasset" 326
"../../../Engine/Content/EngineFonts/Faces/RobotoItalic.uasset" 327
"../../../Engine/Content/EngineFonts/Faces/RobotoLight.uasset" 328
"../../../Engine/Content/EngineFonts/Faces/RobotoRegular.uasset" 329
"../../../Engine/Content/EngineFonts/Roboto.uasset" 330
"../../../Engine/Content/EngineMaterials/BaseFlattenDiffuseMap.uasset" 331
"../../../Engine/Content/EngineMaterials/BaseFlattenEmissiveMap.uasset" 332
"../../../Engine/Content/EngineMaterials/BaseFlattenGrayscaleMap.uasset" 333
"../../../Engine/Content/EngineMaterials/BaseFlattenNormalMap.uasset" 334
"../../../Engine/Content/EngineMaterials/BaseFlattenMaterial.uasset" 335
"../../../Engine/Content/EngineMaterials/BlueNoise.uasset" 336
"../../../Engine/Content/EngineMaterials/DefaultBloomKernel.uasset" 337
"../../../Engine/Content/EngineMaterials/DefaultBokeh.uasset" 338
"../../../Engine/Content/EngineMaterials/DefaultDeferredDecalMaterial.uasset" 339
"../../../Engine/Content/EngineMaterials/DefaultLightFunctionMaterial.uasset" 340
"../../../Engine/Content/Functions/Engine_MaterialFunctions02/Utility/BreakOutFloat2Components.uasset" 341
"../../../Engine/Content/EngineMaterials/DefaultPostProcessMaterial.uasset" 342
"../../../Engine/Content/EngineFonts/RobotoDistanceField.uasset" 343
"../../../Engine/Content/EngineMaterials/DefaultTextMaterialOpaque.uasset" 344
"../../../Engine/Content/EngineMaterials/DefaultWhiteGrid.uasset" 345
"../../../Engine/Content/EngineMaterials/DefaultWhiteGrid_Low.uasset" 346
"../../../Engine/Content/EngineMaterials/EmissiveMeshMaterial.uasset" 347
"../../../Engine/Content/EngineMaterials/GizmoMaterial.uasset" 348
"../../../Engine/Content/EngineMaterials/MiniFont.uasset" 349
"../../../Engine/Content/EngineMaterials/InvalidLightmapSettings.uasset" 350
"../../../Engine/Content/EngineMaterials/M_InvalidLightmapSettings.uasset" 351
"../../../Engine/Content/Functions/Engine_MaterialFunctions02/WorldPositionOffset/CameraOffset.uasset" 352
"../../../Engine/Content/EngineMaterials/PhAT_JointLimitMaterial.uasset" 353
"../../../Engine/Content/EngineMaterials/PreintegratedSkinBRDF.uasset" 354
"../../../Engine/Content/EngineMaterials/RemoveSurfaceMaterial.uasset" 355
"../../../Engine/Content/EngineMaterials/WeightMapPlaceholderTexture.uasset" 356
"../../../Engine/Content/EngineResources/WhiteSquareTexture.uasset" 357
"../../../Engine/Content/EngineMaterials/Widget3DPassThrough.uasset" 358
"../../../Engine/Content/EngineMaterials/Widget3DPassThrough_Masked.uasset" 359
"../../../Engine/Content/EngineMaterials/Widget3DPassThrough_Opaque.uasset" 360
"../../../Engine/Content/EngineMaterials/Widget3DPassThrough_Masked_OneSided.uasset" 361
"../../../Engine/Content/EngineMaterials/Widget3DPassThrough_Opaque_OneSided.uasset" 362
"../../../Engine/Content/EngineMaterials/Widget3DPassThrough_Translucent.uasset" 363
"../../../Engine/Content/EngineMaterials/Widget3DPassThrough_Translucent_OneSided.uasset" 364
"../../../Engine/Content/EngineMeshes/Cylinder.uasset" 365
"../../../Engine/Content/EngineMeshes/Sphere.uasset" 366
"../../../Engine/Content/EngineResources/Black.uasset" 367
"../../../Engine/Content/EngineResources/DefaultTextureCube.uasset" 368
"../../../Engine/Content/EngineResources/DefaultVolumeTexture2D.uasset" 369
"../../../Engine/Content/EngineResources/DefaultVolumeTexture.uasset" 370
"../../../Engine/Content/EngineResources/GradientTexture0.uasset" 371
"../../../Engine/Content/EngineSounds/Master.uasset" 372
"../../../Engine/Content/Functions/Engine_MaterialFunctions01/Shading/ConvertFromDiffSpec.uasset" 373
"../../../Engine/Content/Functions/Engine_MaterialFunctions01/Shading/PowerToRoughness.uasset" 374
"../../../Engine/Content/Maps/Templates/Thumbnails/Default.uasset" 375
"../../../Engine/Content/Maps/Templates/Thumbnails/TimeOfDay.uasset" 376
"../../../Engine/Content/Maps/Templates/Thumbnails/VR-Basic.uasset" 377
"../../../Engine/Content/MobileResources/T_MobileControls_texture.uasset" 378
"../../../Engine/Content/MobileResources/T_MobileMenu2.uasset" 379
"../../../Engine/Content/MobileResources/HUD/AnalogHat.uasset" 380
"../../../Engine/Content/MobileResources/HUD/VirtualJoystick_Background.uasset" 381
"../../../Engine/Content/MobileResources/HUD/VirtualJoystick_Thumb.uasset" 382
"../../../Engine/Content/MobileResources/HUD/DefaultVirtualJoysticks.uasset" 383
"../../../Engine/Content/MobileResources/HUD/LeftVirtualJoystickOnly.uasset" 384
"../../../Engine/Content/MobileResources/HUD/MobileHUDButton1_off.uasset" 385
"../../../Engine/Content/MobileResources/HUD/MobileHUDButton1_on.uasset" 386
"../../../Engine/Content/MobileResources/HUD/MobileHUDButton2_off.uasset" 387
"../../../Engine/Content/MobileResources/HUD/MobileHUDButton2_on.uasset" 388
"../../../Engine/Content/MobileResources/HUD/MobileHUDButton3.uasset" 389
"../../../Engine/Content/MobileResources/HUD/MobileHUDButtonFire.uasset" 390
"../../../Engine/Content/MobileResources/HUD/MobileHUDDirectionPad.uasset" 391
"../../../Engine/Content/MobileResources/HUD/MobileHUDDirectionPad2.uasset" 392
"../../../Engine/Content/MobileResources/HUD/MobileHUDDirectionPad3.uasset" 393
"../../../Engine/Content/MobileResources/HUD/MobileHUDDirectionStick.uasset" 394
"../../../Engine/Content/MobileResources/HUD/T_Castle_ThumbstickInner.uasset" 395
"../../../Engine/Content/MobileResources/HUD/T_Castle_ThumbstickOutter.uasset" 396
"../../../Engine/Content/Tutorial/ContentIntroCurve.uasset" 397
"../../../Engine/Content/Tutorial/Basics/LevelEditorAttract.uasset" 398
"../../../Engine/Content/Tutorial/Basics/TutorialAssets/icon_tab_Levels_40x.uasset" 399
"../../../Engine/Content/Tutorial/Basics/LevelEditorOverview.uasset" 400
"../../../Engine/Content/Tutorial/Installation/InstallingVisualStudioTutorial.uasset" 401
"../../../Engine/Content/VREditor/LaserPointer/VR_LaserPower_01.uasset" 402
"../../../Engine/Content/VREditor/TransformGizmo/TransformGizmoMaterial.uasset" 403
"../../../Engine/Content/VREditor/TransformGizmo/TranslucentTransformGizmoMaterial.uasset" 404
"../../../Engine/Content/VREditor/TransformGizmo/BoundingBoxCorner.uasset" 405
"../../../Engine/Content/VREditor/TransformGizmo/BoundingBoxEdge.uasset" 406
"../../../Engine/Content/VREditor/TransformGizmo/PlaneTranslationHandle.uasset" 407
"../../../Engine/Content/VREditor/TransformGizmo/Main.uasset" 408
"../../../Engine/Content/VREditor/TransformGizmo/Xray.uasset" 409
"../../../Engine/Content/VREditor/TransformGizmo/SM_Sequencer_Key.uasset" 410
"../../../Engine/Content/VREditor/TransformGizmo/SM_Sequencer_Node.uasset" 411
"../../Plugins/2D/Paper2D/Content/PlaceholderTextures/DummySpriteTexture.uasset" 412
"../../Plugins/2D/Paper2D/Content/DummySprite.uasset" 413
"../../Plugins/2D/Paper2D/Content/DefaultPaperTerrainMaterial.uasset" 414
"../../Plugins/2D/Paper2D/Content/DefaultSpriteMaterial.uasset" 415
"../../Plugins/2D/Paper2D/Content/MaskedUnlitSpriteMaterial.uasset" 416
"../../Plugins/2D/Paper2D/Content/OpaqueUnlitSpriteMaterial.uasset" 417
"../../Plugins/FX/Niagara/Content/Enums/ENiagaraBooleanLogicOps.uasset" 418
"../../../Engine/Content/Functions/Engine_MaterialFunctions02/Utility/BreakOutFloat4Components.uasset" 419
"../../../Engine/Content/Functions/Engine_MaterialFunctions02/Utility/MakeFloat2.uasset" 420
"../../../Engine/Content/Functions/Engine_MaterialFunctions02/Utility/MakeFloat3.uasset" 421
"../../Plugins/Runtime/Oculus/OculusVR/Content/Materials/OculusMR_ChromaKey.uasset" 422
"../../Plugins/Runtime/Oculus/OculusVR/Content/Materials/OculusMR_ChromaKey_Lit.uasset" 423
"../../Plugins/Runtime/Oculus/OculusVR/Content/Materials/OculusMR_OpaqueColoredMaterial.uasset" 424
"../../Plugins/Runtime/Oculus/OculusVR/Content/Materials/OculusMR_WhiteMaterial.uasset" 425
"../../../Engine/Content/Functions/Engine_MaterialFunctions02/Texturing/ScreenAlignedPixelToPixelUVs.uasset" 426
"../../../Engine/Content/EngineMaterials/Good64x64TilingNoiseHighFreq.uasset" 427
"../../../Engine/Content/Functions/Engine_MaterialFunctions02/Utility/DitherTemporalAA.uasset" 428
"../../../../Projects/MobileRunner 4.25/Content/FXVarietyPack/Textures/T_ky_stone02_2x2.uasset" 429
"../../../../Projects/MobileRunner 4.25/Content/FXVarietyPack/Materials/M_ky_stone02.uasset" 430
"../../../Engine/Content/Functions/Engine_MaterialFunctions01/Gradient/LinearGradient.uasset" 431
"../../../Engine/Content/Functions/Engine_MaterialFunctions03/Texturing/TwoSidedTexturing.uasset" 432
"../../../Engine/Content/EngineResources/DefaultTexture.uasset" 433
"../../../../Projects/MobileRunner 4.25/Content/FXVarietyPack/Textures/T_ky_maskRGB3.uasset" 434
"../../../../Projects/MobileRunner 4.25/Content/FXVarietyPack/Materials/Mfunction/MF_ky_AddHilight.uasset" 435
"../../../../Projects/MobileRunner 4.25/Content/FXVarietyPack/Materials/Mfunction/MF_ky_MaskToTopUnder.uasset" 436
"../../../../Projects/MobileRunner 4.25/Content/FXVarietyPack/Textures/T_ky_noise5.uasset" 437
"../../../../Projects/MobileRunner 4.25/Content/FXVarietyPack/Materials/Mfunction/MF_ky_TexController.uasset" 438
"../../../../Projects/MobileRunner 4.25/Content/FXVarietyPack/Materials/Mfunction/MF_ky_TexController_primitive.uasset" 439
"../../../../Projects/MobileRunner 4.25/Content/FXVarietyPack/Textures/T_ky_noise17.uasset" 440
"../../../../Projects/MobileRunner 4.25/Content/FXVarietyPack/Materials/M_ky_storm01.uasset" 441
"../../../../Projects/MobileRunner 4.25/Content/FXVarietyPack/Textures/T_ky_noise4.uasset" 442
"../../../../Projects/MobileRunner 4.25/Content/FXVarietyPack/Materials/M_ky_stormDeco01.uasset" 443
"../../../../Projects/MobileRunner 4.25/Content/FXVarietyPack/Materials/MI_ky_storm01_nonD.uasset" 444
"../../../../Projects/MobileRunner 4.25/Content/FXVarietyPack/Textures/T_ky_dist_noise.uasset" 445
"../../../../Projects/MobileRunner 4.25/Content/FXVarietyPack/Textures/T_ky_smoke_kai.uasset" 446
"../../../../Projects/MobileRunner 4.25/Content/FXVarietyPack/Materials/M_ky_base_turbulence.uasset" 447
"../../../../Projects/MobileRunner 4.25/Content/FXVarietyPack/Materials/MI_ky_turbulence_smoke2d_trs.uasset" 448
"../../../../Projects/MobileRunner 4.25/Content/FXVarietyPack/Textures/T_ky_vortex04_4x4.uasset" 449
"../../../../Projects/MobileRunner 4.25/Content/FXVarietyPack/Materials/M_ky_vortex04_4x4.uasset" 450
"../../../../Projects/MobileRunner 4.25/Content/FXVarietyPack/Materials/MI_ky_vortex04B_4x4_two.uasset" 451
"../../../../Projects/MobileRunner 4.25/Content/FXVarietyPack/Meshes/SM_ky_circleDist06.uasset" 452
"../../../../Projects/MobileRunner 4.25/Content/FXVarietyPack/Meshes/SM_ky_tornado07.uasset" 453
"../../../../Projects/MobileRunner 4.25/Content/FXVarietyPack/Particles/P_ky_storm.uasset" 454
"../../../../Projects/MobileRunner 4.25/Content/FXVarietyPack/Blueprints/BP_ky_storm.uasset" 455
"../../../../Projects/MobileRunner 4.25/Content/FXVarietyPack/Materials/MI_ky_storm01_aqua.uasset" 456
"../../../../Projects/MobileRunner 4.25/Content/FXVarietyPack/Materials/MI_ky_storm01_aqua_nonD.uasset" 457
"../../../../Projects/MobileRunner 4.25/Content/FXVarietyPack/Materials/MI_ky_stormDeco01_aqua.uasset" 458
"../../../../Projects/MobileRunner 4.25/Content/FXVarietyPack/Particles/P_ky_aquaStorm.uasset" 459
"../../../../Projects/MobileRunner 4.25/Content/FXVarietyPack/Blueprints/BP_ky_aquaStorm.uasset" 460
"../../../../Projects/MobileRunner 4.25/Content/FXVarietyPack/Textures/T_ky_noise3.uasset" 461
"../../../../Projects/MobileRunner 4.25/Content/FXVarietyPack/Materials/M_ky_dynDust.uasset" 462
"../../../../Projects/MobileRunner 4.25/Content/FXVarietyPack/Textures/T_ky_smoke2.uasset" 463
"../../../../Projects/MobileRunner 4.25/Content/FXVarietyPack/Materials/MI_ky_dynDust.uasset" 464
"../../../../Projects/MobileRunner 4.25/Content/FXVarietyPack/Materials/MI_ky_storm01_dark.uasset" 465
"../../../../Projects/MobileRunner 4.25/Content/FXVarietyPack/Materials/MI_ky_storm01_dark_nonD.uasset" 466
"../../../../Projects/MobileRunner 4.25/Content/FXVarietyPack/Materials/MI_ky_stormDeco01_dark.uasset" 467
"../../../../Projects/MobileRunner 4.25/Content/FXVarietyPack/Particles/P_ky_darkStorm.uasset" 468
"../../../../Projects/MobileRunner 4.25/Content/FXVarietyPack/Blueprints/BP_ky_darkStorm.uasset" 469
"../../../../Projects/MobileRunner 4.25/Content/FXVarietyPack/Materials/MI_ky_polarG_nonD.uasset" 470
"../../../../Projects/MobileRunner 4.25/Content/FXVarietyPack/Textures/T_ky_bg.uasset" 471
"../../../../Projects/MobileRunner 4.25/Content/FXVarietyPack/Materials/M_ky_subUV01.uasset" 472
"../../../../Projects/MobileRunner 4.25/Content/FXVarietyPack/Textures/T_ky_shockwave12_4x4.uasset" 473
"../../../../Projects/MobileRunner 4.25/Content/FXVarietyPack/Materials/MI_ky_shockwave12_4x4.uasset" 474
"../../../../Projects/MobileRunner 4.25/Content/FXVarietyPack/Particles/P_ky_hit2.uasset" 475
"../../../../Projects/MobileRunner 4.25/Content/FXVarietyPack/Blueprints/BP_ky_hit2.uasset" 476
"../../../../Projects/MobileRunner 4.25/Content/FXVarietyPack/Materials/M_ky_primitive_dyn2.uasset" 477
"../../../../Projects/MobileRunner 4.25/Content/FXVarietyPack/Materials/MI_ky_primitive_dynB_two.uasset" 478
"../../../../Projects/MobileRunner 4.25/Content/FXVarietyPack/Particles/P_ky_explosion.uasset" 479
"../../../../Projects/MobileRunner 4.25/Content/FXVarietyPack/Blueprints/BP_ky_explosion.uasset" 480
"../../../../Projects/MobileRunner 4.25/Content/FXVarietyPack/Materials/MI_ky_storm01_fire.uasset" 481
"../../../../Projects/MobileRunner 4.25/Content/FXVarietyPack/Materials/MI_ky_storm01_fire_nonD1.uasset" 482
"../../../../Projects/MobileRunner 4.25/Content/FXVarietyPack/Materials/MI_ky_stormDeco01_fire.uasset" 483
"../../../../Projects/MobileRunner 4.25/Content/FXVarietyPack/Particles/P_ky_fireStorm.uasset" 484
"../../../../Projects/MobileRunner 4.25/Content/FXVarietyPack/Blueprints/BP_ky_fireStorm.uasset" 485
"../../../../Projects/MobileRunner 4.25/Content/FXVarietyPack/Materials/Mfunction/MF_ky_UVcontrol_4x4.uasset" 486
"../../../../Projects/MobileRunner 4.25/Content/FXVarietyPack/Textures/T_ky_dust01_4x4.uasset" 487
"../../../../Projects/MobileRunner 4.25/Content/FXVarietyPack/Materials/M_ky_dust01_4x4.uasset" 488
"../../../../Projects/MobileRunner 4.25/Content/FXVarietyPack/Textures/T_ky_aura011_4x4.uasset" 489
"../../../../Projects/MobileRunner 4.25/Content/FXVarietyPack/Materials/MI_ky_aura011_4x4.uasset" 490
"../../../../Projects/MobileRunner 4.25/Content/FXVarietyPack/Materials/MI_ky_aura011_4x4_nonD.uasset" 491
"../../../../Projects/MobileRunner 4.25/Content/FXVarietyPack/Textures/T_ky_noise13_sml_nor.uasset" 492
"../../../../Projects/MobileRunner 4.25/Content/FXVarietyPack/Textures/T_ky_smoke03.uasset" 493
"../../../../Projects/MobileRunner 4.25/Content/FXVarietyPack/Materials/M_ky_auraWall02.uasset" 494
"../../../../Projects/MobileRunner 4.25/Content/FXVarietyPack/Materials/MI_ky_auraWall02_two.uasset" 495
"../../../../Projects/MobileRunner 4.25/Content/FXVarietyPack/Textures/T_ky_auraWallWhite_4x4.uasset" 496
"../../../../Projects/MobileRunner 4.25/Content/FXVarietyPack/Textures/T_ky_maskCircle.uasset" 497
"../../../../Projects/MobileRunner 4.25/Content/FXVarietyPack/Materials/M_ky_base_anime.uasset" 498
"../../../../Projects/MobileRunner 4.25/Content/FXVarietyPack/Textures/T_ky_circle9_4x4.uasset" 499
"../../../../Projects/MobileRunner 4.25/Content/FXVarietyPack/Materials/MI_ky_circle9_4x4c2.uasset" 500
"../../../../Projects/MobileRunner 4.25/Content/FXVarietyPack/Materials/MI_ky_primitive_dynB_nonD.uasset" 501
"../../../Engine/Content/Functions/Engine_MaterialFunctions01/Gradient/DiamondGradient.uasset" 502
"../../../Engine/Content/EngineMaterials/BlendFunc_DefBase.uasset" 503
"../../../Engine/Content/EngineMaterials/BlendFunc_DefBlend.uasset" 504
"../../../Engine/Content/Functions/Engine_MaterialFunctions03/Blends/Blend_Screen.uasset" 505
"../../../../Projects/MobileRunner 4.25/Content/FXVarietyPack/Textures/T_ky_dust_longStar.uasset" 506
"../../../../Projects/MobileRunner 4.25/Content/FXVarietyPack/Materials/M_ky_starDust.uasset" 507
"../../../../Projects/MobileRunner 4.25/Content/FXVarietyPack/Materials/MI_ky_starDust_dis.uasset" 508
"../../../../Projects/MobileRunner 4.25/Content/FXVarietyPack/Meshes/SM_ky_auraWall_distB_kai.uasset" 509
"../../../../Projects/MobileRunner 4.25/Content/FXVarietyPack/Meshes/SM_ky_cylinder_lowPoly_dist.uasset" 510
"../../../../Projects/MobileRunner 4.25/Content/FXVarietyPack/Meshes/SM_ky_cylinder_superLow.uasset" 511
"../../../../Projects/MobileRunner 4.25/Content/FXVarietyPack/Particles/P_ky_healAura.uasset" 512
"../../../../Projects/MobileRunner 4.25/Content/FXVarietyPack/Blueprints/BP_ky_healAura.uasset" 513
"../../../../Projects/MobileRunner 4.25/Content/FXVarietyPack/Textures/T_ky_lightning02_4x4.uasset" 514
"../../../../Projects/MobileRunner 4.25/Content/FXVarietyPack/Materials/MI_ky_lightning02_4x4.uasset" 515
"../../../../Projects/MobileRunner 4.25/Content/FXVarietyPack/Textures/T_ky_lightningDust01_4x4.uasset" 516
"../../../../Projects/MobileRunner 4.25/Content/FXVarietyPack/Materials/MI_ky_lightningDust01_4x4_nonD.uasset" 517
"../../../../Projects/MobileRunner 4.25/Content/FXVarietyPack/Textures/T_ky_flareVertical02.uasset" 518
"../../../../Projects/MobileRunner 4.25/Content/FXVarietyPack/Materials/M_ky_flare01_primitive.uasset" 519
"../../../../Projects/MobileRunner 4.25/Content/FXVarietyPack/Textures/T_ky_shine01_4x4.uasset" 520
"../../../../Projects/MobileRunner 4.25/Content/FXVarietyPack/Materials/MI_ky_shine01R_nonD.uasset" 521
"../../../../Projects/MobileRunner 4.25/Content/FXVarietyPack/Particles/P_ky_lightning1.uasset" 522
"../../../../Projects/MobileRunner 4.25/Content/FXVarietyPack/Blueprints/BP_ky_lightning1.uasset" 523
"../../../../Projects/MobileRunner 4.25/Content/FXVarietyPack/Blueprints/BP_ky_hit1.uasset" 524
"../../../../Projects/MobileRunner 4.25/Content/FXVarietyPack/Textures/T_ky_deco_doom.uasset" 525
"../../../../Projects/MobileRunner 4.25/Content/FXVarietyPack/Materials/M_ky_laser01.uasset" 526
"../../../../Projects/MobileRunner 4.25/Content/FXVarietyPack/Materials/MI_ky_shine01R.uasset" 527
"../../../../Projects/MobileRunner 4.25/Content/FXVarietyPack/Materials/MI_ky_starDust_sq.uasset" 528
"../../../../Projects/MobileRunner 4.25/Content/FXVarietyPack/Particles/P_ky_laser01.uasset" 529
"../../../../Projects/MobileRunner 4.25/Content/FXVarietyPack/Blueprints/BP_ky_laser01.uasset" 530
"../../../../Projects/MobileRunner 4.25/Content/FXVarietyPack/Particles/P_ky_lightning2.uasset" 531
"../../../../Projects/MobileRunner 4.25/Content/FXVarietyPack/Blueprints/BP_ky_lightning2.uasset" 532
"../../../../Projects/MobileRunner 4.25/Content/FXVarietyPack/Materials/MI_ky_dynDust2.uasset" 533
"../../../../Projects/MobileRunner 4.25/Content/FXVarietyPack/Particles/P_ky_lightning3.uasset" 534
"../../../../Projects/MobileRunner 4.25/Content/FXVarietyPack/Blueprints/BP_ky_lightning3.uasset" 535
"../../../../Projects/MobileRunner 4.25/Content/FXVarietyPack/Textures/T_ky_circle01_4x4.uasset" 536
"../../../../Projects/MobileRunner 4.25/Content/FXVarietyPack/Materials/M_ky_circle01_4x4G_nonD.uasset" 537
"../../../../Projects/MobileRunner 4.25/Content/FXVarietyPack/Textures/T_ky_noise.uasset" 538
"../../../../Projects/MobileRunner 4.25/Content/FXVarietyPack/Materials/M_ky_Fresnel.uasset" 539
"../../../../Projects/MobileRunner 4.25/Content/FXVarietyPack/Textures/T_ky_magicCircle020.uasset" 540
"../../../../Projects/MobileRunner 4.25/Content/FXVarietyPack/Materials/M_ky_magicCircle020.uasset" 541
"../../../../Projects/MobileRunner 4.25/Content/FXVarietyPack/Textures/T_ky_chantDecoC.uasset" 542
"../../../../Projects/MobileRunner 4.25/Content/FXVarietyPack/Materials/M_ky_chantDecoA.uasset" 543
"../../../../Projects/MobileRunner 4.25/Content/FXVarietyPack/Materials/MI_ky_chantDecoAc.uasset" 544
"../../../../Projects/MobileRunner 4.25/Content/FXVarietyPack/Materials/M_ky_base.uasset" 545
"../../../../Projects/MobileRunner 4.25/Content/FXVarietyPack/Textures/T_ky_circleDust.uasset" 546
"../../../../Projects/MobileRunner 4.25/Content/FXVarietyPack/Materials/MI_ky_circleDust.uasset" 547
"../../../../Projects/MobileRunner 4.25/Content/FXVarietyPack/Meshes/SM_ky_cylinderBend07.uasset" 548
"../../../../Projects/MobileRunner 4.25/Content/FXVarietyPack/Particles/P_ky_magicCircle1.uasset" 549
"../../../../Projects/MobileRunner 4.25/Content/FXVarietyPack/Blueprints/BP_ky_magicCircle1.uasset" 550
"../../../../Projects/MobileRunner 4.25/Content/FXVarietyPack/Materials/M_ky_polar_primitive.uasset" 551
"../../../../Projects/MobileRunner 4.25/Content/FXVarietyPack/Textures/T_ky_deco_rainbow.uasset" 552
"../../../../Projects/MobileRunner 4.25/Content/FXVarietyPack/Materials/M_ky_trail_primitive.uasset" 553
"../../../../Projects/MobileRunner 4.25/Content/FXVarietyPack/Materials/M_ky_subUV03.uasset" 554
"../../../../Projects/MobileRunner 4.25/Content/FXVarietyPack/Textures/T_ky_flareVertical03_4x4.uasset" 555
"../../../../Projects/MobileRunner 4.25/Content/FXVarietyPack/Materials/MI_ky_flareVertical03b_4x4.uasset" 556
"../../../../Projects/MobileRunner 4.25/Content/FXVarietyPack/Materials/MI_ky_shine01B.uasset" 557
"../../../../Projects/MobileRunner 4.25/Content/FXVarietyPack/Textures/T_ky_shockwave10_4x4.uasset" 558
"../../../../Projects/MobileRunner 4.25/Content/FXVarietyPack/Materials/MI_ky_shockwave10R_4x4_nonD.uasset" 559
"../../../../Projects/MobileRunner 4.25/Content/FXVarietyPack/Particles/P_ky_shootingStar1.uasset" 560
"../../../../Projects/MobileRunner 4.25/Content/FXVarietyPack/Blueprints/BP_ky_shootingStar1.uasset" 561
"../../../../Projects/MobileRunner 4.25/Content/FXVarietyPack/Particles/P_ky_fireBall.uasset" 562
"../../../../Projects/MobileRunner 4.25/Content/FXVarietyPack/Textures/T_ky_flare3.uasset" 563
"../../../../Projects/MobileRunner 4.25/Content/FXVarietyPack/Textures/T_ky_maskRGB5.uasset" 564
"../../../../Projects/MobileRunner 4.25/Content/FXVarietyPack/Materials/M_ky_flarePillar.uasset" 565
"../../../../Projects/MobileRunner 4.25/Content/FXVarietyPack/Textures/T_ky_flareVert.uasset" 566
"../../../../Projects/MobileRunner 4.25/Content/FXVarietyPack/Materials/M_ky_flareVert.uasset" 567
"../../../../Projects/MobileRunner 4.25/Content/FXVarietyPack/Materials/M_ky_aura9.uasset" 568
"../../../../Projects/MobileRunner 4.25/Content/FXVarietyPack/Materials/MI_ky_aura9.uasset" 569
"../../../../Projects/MobileRunner 4.25/Content/FXVarietyPack/Materials/MI_ky_polarC_two.uasset" 570
"../../../../Projects/MobileRunner 4.25/Content/FXVarietyPack/Meshes/SM_ky_planeBend.uasset" 571
"../../../../Projects/MobileRunner 4.25/Content/FXVarietyPack/Meshes/SM_ky_quads.uasset" 572
"../../../../Projects/MobileRunner 4.25/Content/FXVarietyPack/Meshes/SM_ky_windSmokeVertRot.uasset" 573
"../../../../Projects/MobileRunner 4.25/Content/FXVarietyPack/Particles/P_ky_shotShockwave.uasset" 574
"../../../../Projects/MobileRunner 4.25/Content/FXVarietyPack/Blueprints/BP_ky_fireBall.uasset" 575
"../../../../Projects/MobileRunner 4.25/Content/FXVarietyPack/Blueprints/BP_ky_shotSpawn.uasset" 576
"../../../../Projects/MobileRunner 4.25/Content/FXVarietyPack/Materials/MI_ky_smoke01.uasset" 577
"../../../../Projects/MobileRunner 4.25/Content/FXVarietyPack/Materials/MI_ky_smoke01b.uasset" 578
"../../../../Projects/MobileRunner 4.25/Content/FXVarietyPack/Particles/P_ky_thunderBall.uasset" 579
"../../../../Projects/MobileRunner 4.25/Content/FXVarietyPack/Particles/P_ky_ThunderBallHit.uasset" 580
"../../../../Projects/MobileRunner 4.25/Content/FXVarietyPack/Blueprints/BP_ky_thunderBall.uasset" 581
"../../../../Projects/MobileRunner 4.25/Content/FXVarietyPack/Blueprints/BP_ky_ThunderBallHit.uasset" 582
"../../../../Projects/MobileRunner 4.25/Content/FXVarietyPack/Materials/M_ky_thunderForBeam.uasset" 583
"../../../../Projects/MobileRunner 4.25/Content/FXVarietyPack/Textures/T_ky_shockWave03_4x4.uasset" 584
"../../../../Projects/MobileRunner 4.25/Content/FXVarietyPack/Materials/M_ky_shockWave03_4x4.uasset" 585
"../../../../Projects/MobileRunner 4.25/Content/FXVarietyPack/Materials/MI_ky_shockWave03g_4x4.uasset" 586
"../../../../Projects/MobileRunner 4.25/Content/FXVarietyPack/Materials/MI_ky_storm01_thunder.uasset" 587
"../../../../Projects/MobileRunner 4.25/Content/FXVarietyPack/Materials/MI_ky_storm01_thunder_nonD.uasset" 588
"../../../../Projects/MobileRunner 4.25/Content/FXVarietyPack/Particles/P_ky_thunderStorm.uasset" 589
"../../../../Projects/MobileRunner 4.25/Content/FXVarietyPack/Blueprints/BP_ky_thunderStorm.uasset" 590
"../../../../Projects/MobileRunner 4.25/Content/FXVarietyPack/Particles/P_ky_waterBall.uasset" 591
"../../../../Projects/MobileRunner 4.25/Content/FXVarietyPack/Blueprints/BP_ky_waterBall.uasset" 592
"../../../../Projects/MobileRunner 4.25/Content/FXVarietyPack/Blueprints/BP_ky_waterBallHit.uasset" 593
"../../../../Projects/MobileRunner 4.25/Content/FXVarietyPack/EpicContent/Materials/M_DefaultTextMaterialTranslucentUnlit.uasset" 594
"../../../../Projects/MobileRunner 4.25/Content/FXVarietyPack/EpicContent/Materials/M_DemoWall.uasset" 595
"../../../../Projects/MobileRunner 4.25/Content/FXVarietyPack/EpicContent/Physical_Materials/Rubber.uasset" 596
"../../../../Projects/MobileRunner 4.25/Content/FXVarietyPack/EpicContent/Materials/MI_DemoWall.uasset" 597
"../../../../Projects/MobileRunner 4.25/Content/FXVarietyPack/EpicContent/Physical_Materials/Metal.uasset" 598
"../../../../Projects/MobileRunner 4.25/Content/FXVarietyPack/EpicContent/Materials/MI_DemoWall3.uasset" 599
"../../../../Projects/MobileRunner 4.25/Content/FXVarietyPack/EpicContent/Materials/M_DemoWall_Inst_NamePlate.uasset" 600
"../../../../Projects/MobileRunner 4.25/Content/FXVarietyPack/EpicContent/Materials/MI_DemoWall_Inst_BaseFloor.uasset" 601
"../../../../Projects/MobileRunner 4.25/Content/FXVarietyPack/EpicContent/Blueprints/BP_DemoDisplay_Enum.uasset" 602
"../../../../Projects/MobileRunner 4.25/Content/FXVarietyPack/EpicContent/Materials/MI_DemoWall2.uasset" 603
"../../../../Projects/MobileRunner 4.25/Content/FXVarietyPack/EpicContent/Meshes/SM_Base.uasset" 604
"../../../../Projects/MobileRunner 4.25/Content/FXVarietyPack/EpicContent/Meshes/SM_Base2.uasset" 605
"../../../../Projects/MobileRunner 4.25/Content/FXVarietyPack/EpicContent/Meshes/SM_Base_FlatWall.uasset" 606
"../../../../Projects/MobileRunner 4.25/Content/FXVarietyPack/EpicContent/Meshes/SM_BaseRoom.uasset" 607
"../../../../Projects/MobileRunner 4.25/Content/FXVarietyPack/EpicContent/Meshes/SM_NamePlate.uasset" 608
"../../../../Projects/MobileRunner 4.25/Content/FXVarietyPack/EpicContent/Blueprints/BP_DemoDisplay.uasset" 609
"../../../../Projects/MobileRunner 4.25/Content/FXVarietyPack/EpicContent/Textures/T_UnrealEngineDecal.uasset" 610
"../../../../Projects/MobileRunner 4.25/Content/FXVarietyPack/EpicContent/Materials/M_Glass.uasset" 611
"../../../../Projects/MobileRunner 4.25/Content/FXVarietyPack/EpicContent/Textures/T_Pattern_M.uasset" 612
"../../../../Projects/MobileRunner 4.25/Content/FXVarietyPack/EpicContent/Materials/M_DemoWallPattern.uasset" 613
"../../../../Projects/MobileRunner 4.25/Content/FXVarietyPack/EpicContent/Materials/MI_DemoWallPattern.uasset" 614
"../../../../Projects/MobileRunner 4.25/Content/FXVarietyPack/EpicContent/Materials/M_DemoWallPattern_Inst_Mirrored.uasset" 615
"../../../../Projects/MobileRunner 4.25/Content/FXVarietyPack/EpicContent/Materials/M_DemoWallPattern_NoText.uasset" 616
"../../../../Projects/MobileRunner 4.25/Content/FXVarietyPack/EpicContent/Textures/T_RoomTiles_M.uasset" 617
"../../../../Projects/MobileRunner 4.25/Content/FXVarietyPack/EpicContent/Textures/T_RoomTiles_N.uasset" 618
"../../../../Projects/MobileRunner 4.25/Content/FXVarietyPack/EpicContent/Materials/M_DemoRoomTiles.uasset" 619
"../../../../Projects/MobileRunner 4.25/Content/FXVarietyPack/EpicContent/Physical_Materials/Concrete.uasset" 620
"../../../../Projects/MobileRunner 4.25/Content/FXVarietyPack/EpicContent/Materials/MI_DemoRoomTiles.uasset" 621
"../../../../Projects/MobileRunner 4.25/Content/FXVarietyPack/EpicContent/Materials/MI_Glass.uasset" 622
"../../../../Projects/MobileRunner 4.25/Content/FXVarietyPack/EpicContent/Blueprints/BP_DemoRoom_Enum.uasset" 623
"../../../../Projects/MobileRunner 4.25/Content/FXVarietyPack/EpicContent/Meshes/SM_DemoDivider1.uasset" 624
"../../../../Projects/MobileRunner 4.25/Content/FXVarietyPack/EpicContent/Meshes/SM_DemoDivider2.uasset" 625
"../../../../Projects/MobileRunner 4.25/Content/FXVarietyPack/EpicContent/Meshes/SM_DemoRoomBackWall.uasset" 626
"../../../../Projects/MobileRunner 4.25/Content/FXVarietyPack/EpicContent/Materials/M_DemoWall_MattPlastic.uasset" 627
"../../../../Projects/MobileRunner 4.25/Content/FXVarietyPack/EpicContent/Meshes/SM_DemoRoomBackWall2.uasset" 628
"../../../../Projects/MobileRunner 4.25/Content/FXVarietyPack/EpicContent/Materials/M_LightTube.uasset" 629
"../../../../Projects/MobileRunner 4.25/Content/FXVarietyPack/EpicContent/Materials/MI_LightTube.uasset" 630
"../../../../Projects/MobileRunner 4.25/Content/FXVarietyPack/EpicContent/Meshes/SM_DemoRoomClamp.uasset" 631
"../../../../Projects/MobileRunner 4.25/Content/FXVarietyPack/EpicContent/Meshes/SM_DemoRoomClamp2.uasset" 632
"../../../../Projects/MobileRunner 4.25/Content/FXVarietyPack/EpicContent/Meshes/SM_DemoRoomL.uasset" 633
"../../../../Projects/MobileRunner 4.25/Content/FXVarietyPack/EpicContent/Meshes/SM_DemoRoomLTrim.uasset" 634
"../../../../Projects/MobileRunner 4.25/Content/FXVarietyPack/EpicContent/Meshes/SM_DemoRoomTrim.uasset" 635
"../../../../Projects/MobileRunner 4.25/Content/FXVarietyPack/EpicContent/Meshes/SM_DemoRoomTrim2.uasset" 636
"../../../../Projects/MobileRunner 4.25/Content/FXVarietyPack/EpicContent/Meshes/SM_DemoRoomTrimAdd.uasset" 637
"../../../../Projects/MobileRunner 4.25/Content/FXVarietyPack/EpicContent/Meshes/SM_DemoRoomU.uasset" 638
"../../../../Projects/MobileRunner 4.25/Content/FXVarietyPack/EpicContent/Meshes/SM_DemoRoomU2.uasset" 639
"../../../../Projects/MobileRunner 4.25/Content/FXVarietyPack/EpicContent/Meshes/SM_DemoRoomU_Hole.uasset" 640
"../../../../Projects/MobileRunner 4.25/Content/FXVarietyPack/EpicContent/Meshes/SM_URoom_Wall.uasset" 641
"../../../../Projects/MobileRunner 4.25/Content/FXVarietyPack/EpicContent/Meshes/SM_URoom_Wall2.uasset" 642
"../../../../Projects/MobileRunner 4.25/Content/FXVarietyPack/EpicContent/Blueprints/BP_DemoRoom.uasset" 643
"../../../Engine/Content/BasicShapes/BasicShapeMaterial.uasset" 644
"../../../../Projects/MobileRunner 4.25/Content/FXVarietyPack/Map/Overview.umap" 645
"../../../Engine/Content/BasicShapes/Plane.uasset" 646
"../../../../Projects/MobileRunner 4.25/Content/Levels/Blank.umap" 647
"../../../../Projects/MobileRunner 4.25/Content/SideScrollerBP/Blueprints/BP_OffscreenDestroyer.uasset" 648
"../../../Engine/Content/EngineSky/C_Sky_Cloud_Color.uasset" 649
"../../../Engine/Content/EngineSky/C_Sky_Horizon_Color.uasset" 650
"../../../Engine/Content/EngineSky/C_Sky_Zenith_Color.uasset" 651
"../../../Engine/Content/EngineSky/T_Sky_Blue.uasset" 652
"../../../Engine/Content/EngineSky/T_Sky_Clouds_M.uasset" 653
"../../../Engine/Content/EngineSky/T_Sky_Stars.uasset" 654
"../../../Engine/Content/EngineSky/M_Sky_Panning_Clouds2.uasset" 655
"../../../Engine/Content/EngineSky/SM_SkySphere.uasset" 656
"../../../Engine/Content/EngineSky/BP_Sky_Sphere.uasset" 657
"../../../../Projects/MobileRunner 4.25/Content/Levels/EmptyLevel_BuiltData.uasset" 658
"../../../../Projects/MobileRunner 4.25/Content/Levels/EmptyLevel.umap" 659
"../../../../Projects/MobileRunner 4.25/Content/Blueprints/MainMenuMode.uasset" 660
"../../../../Projects/MobileRunner 4.25/Content/Levels/MainMenu_BuiltData.uasset" 661
"../../../../Projects/MobileRunner 4.25/Content/SideScrollerBP/Blueprints/UI/Images/Parasite_Title5.uasset" 662
"../../../../Projects/MobileRunner 4.25/Content/SideScrollerBP/Blueprints/UI/MainMenu.uasset" 663
"../../../../Projects/MobileRunner 4.25/Content/Levels/MainMenu.umap" 664
"../../../../Projects/MobileRunner 4.25/Content/Levels/Options.umap" 665
"../../../../Projects/MobileRunner 4.25/Content/Blueprints/StoreMode.uasset" 666
"../../../../Projects/MobileRunner 4.25/Content/SideScrollerBP/Blueprints/Sounds/coin-drop-4.uasset" 667
"../../../../Projects/MobileRunner 4.25/Content/SideScrollerBP/Blueprints/UI/ConfirmDataWipe.uasset" 668
"../../../../Projects/MobileRunner 4.25/Content/SideScrollerBP/Blueprints/UI/Notification.uasset" 669
"../../../../Projects/MobileRunner 4.25/Content/SideScrollerBP/Blueprints/UI/Tooltip.uasset" 670
"../../../../Projects/MobileRunner 4.25/Content/StoreBG.uasset" 671
"../../../../Projects/MobileRunner 4.25/Content/SideScrollerBP/Blueprints/UI/Store.uasset" 672
"../../../../Projects/MobileRunner 4.25/Content/Levels/Store.umap" 673
"../../../Engine/Content/EngineMeshes/Humanoid.uasset" 674
"../../../../Projects/MobileRunner 4.25/Content/Lightning_Electricity_Pack/MAP/Character/SK_Mannequin_Skeleton.uasset" 675
"../../../../Projects/MobileRunner 4.25/Content/Lightning_Electricity_Pack/MAP/Character/A_ThirdPersonRun.uasset" 676
"../../../../Projects/MobileRunner 4.25/Content/Lightning_Electricity_Pack/Blueprints/ST_SkMesh_Bone_Mass.uasset" 677
"../../Plugins/FX/Niagara/Content/DynamicInputs/Helpers/SimulationPosition.uasset" 678
"../../Plugins/FX/Niagara/Content/Modules/Emitter/SpawnBurst_Instantaneous.uasset" 679
"../../Plugins/FX/Niagara/Content/Functions/RandomPointInSphere.uasset" 680
"../../Plugins/FX/Niagara/Content/Enums/ENiagaraExpansionMode.uasset" 681
"../../Plugins/FX/Niagara/Content/Enums/ENiagaraTorusDistributionMode.uasset" 682
"../../Plugins/FX/Niagara/Content/Modules/Spawn/Location/SphereLocation.uasset" 683
"../../../../Projects/MobileRunner 4.25/Content/Lightning_Electricity_Pack/Particles/P_SkeletalMesh_Lightning.uasset" 684
"../../../Engine/Content/Functions/Engine_MaterialFunctions02/Utility/BlendAngleCorrectedNormals.uasset" 685
"../../../Engine/Content/Functions/MaterialLayerFunctions/MatLayerBlend_NormalBlend.uasset" 686
"../../../Engine/Content/Functions/MaterialLayerFunctions/MatLayerBlend_Simple.uasset" 687
"../../../../Projects/MobileRunner 4.25/Content/Lightning_Electricity_Pack/MAP/Character/Textures/T_ML_Rubber_Blue_01_D.uasset" 688
"../../../../Projects/MobileRunner 4.25/Content/Lightning_Electricity_Pack/MAP/Character/Textures/T_ML_Rubber_Blue_01_N.uasset" 689
"../../../../Projects/MobileRunner 4.25/Content/Lightning_Electricity_Pack/MAP/Character/Materials/ML_GlossyBlack_Latex_UE4.uasset" 690
"../../../../Projects/MobileRunner 4.25/Content/Lightning_Electricity_Pack/MAP/Character/Materials/ML_Plastic_Shiny_Beige.uasset" 691
"../../../../Projects/MobileRunner 4.25/Content/Lightning_Electricity_Pack/MAP/Character/Textures/UE4_LOGO_CARD.uasset" 692
"../../../../Projects/MobileRunner 4.25/Content/Lightning_Electricity_Pack/MAP/Character/Materials/ML_Plastic_Shiny_Beige_LOGO.uasset" 693
"../../../../Projects/MobileRunner 4.25/Content/Lightning_Electricity_Pack/MAP/Character/Textures/T_ML_Aluminum01.uasset" 694
"../../../../Projects/MobileRunner 4.25/Content/Lightning_Electricity_Pack/MAP/Character/Textures/T_ML_Aluminum01_N.uasset" 695
"../../../../Projects/MobileRunner 4.25/Content/Lightning_Electricity_Pack/MAP/Character/Materials/ML_SoftMetal_UE4.uasset" 696
"../../../../Projects/MobileRunner 4.25/Content/Lightning_Electricity_Pack/MAP/Character/Textures/UE4_Mannequin__normals.uasset" 697
"../../../../Projects/MobileRunner 4.25/Content/Lightning_Electricity_Pack/MAP/Character/Textures/UE4_Mannequin_MAT_MASKA.uasset" 698
"../../../../Projects/MobileRunner 4.25/Content/Lightning_Electricity_Pack/MAP/Character/Materials/M_UE4Main_Body.uasset" 699
"../../../../Projects/MobileRunner 4.25/Content/Lightning_Electricity_Pack/MAP/Character/Textures/UE4Man_Logo_N.uasset" 700
"../../../../Projects/MobileRunner 4.25/Content/Lightning_Electricity_Pack/MAP/Character/Materials/M_UE4Man_ChestLogo.uasset" 701
"../../../../Projects/MobileRunner 4.25/Content/Lightning_Electricity_Pack/MAP/Character/SK_Mannequin_PhysicsAsset.uasset" 702
"../../../../Projects/MobileRunner 4.25/Content/Lightning_Electricity_Pack/MAP/Character/SK_Mannequin.uasset" 703
"../../../../Projects/MobileRunner 4.25/Content/Lightning_Electricity_Pack/Blueprints/BP_SkeletalMesh.uasset" 704
"../../../../Projects/MobileRunner 4.25/Content/Lightning_Electricity_Pack/MAP/MAP_Materials/MI_Yellow.uasset" 705
"../../../Engine/Content/BasicShapes/Sphere.uasset" 706
"../../../../Projects/MobileRunner 4.25/Content/Lightning_Electricity_Pack/Blueprints/BP_CanBeElectrocuted.uasset" 707
"../../../Engine/Content/Functions/Engine_MaterialFunctions01/Texturing/ComputeMipLevel.uasset" 708
"../../../Engine/Content/Functions/Engine_MaterialFunctions01/Texturing/TextureCropping.uasset" 709
"../../../Engine/Content/Functions/Engine_MaterialFunctions02/ExampleContent/DebugNumberStrip.uasset" 710
"../../../Engine/Content/Functions/Engine_MaterialFunctions02/ExampleContent/Textures/DebugNumberPeriod.uasset" 711
"../../../Engine/Content/Functions/Engine_MaterialFunctions02/Utility/DebugScalarValues.uasset" 712
"../../../Engine/Content/Functions/Engine_MaterialFunctions02/Utility/DebugFloat2Values.uasset" 713
"../../../Engine/Content/Functions/Engine_MaterialFunctions02/ExampleContent/Textures/flipbook.uasset" 714
"../../../Engine/Content/Functions/Engine_MaterialFunctions02/Texturing/FlipBook.uasset" 715
"../../../../Projects/MobileRunner 4.25/Content/Lightning_Electricity_Pack/Textures/T_Electric_Decal.uasset" 716
"../../../../Projects/MobileRunner 4.25/Content/Lightning_Electricity_Pack/Materials/M_decal.uasset" 717
"../../../../Projects/MobileRunner 4.25/Content/Lightning_Electricity_Pack/Materials/M_decal_White.uasset" 718
"../../../../Projects/MobileRunner 4.25/Content/Lightning_Electricity_Pack/Blueprints/BP_FastDecal.uasset" 719
"../../../../Projects/MobileRunner 4.25/Content/Lightning_Electricity_Pack/Textures/T_Clouds.uasset" 720
"../../../../Projects/MobileRunner 4.25/Content/Lightning_Electricity_Pack/Materials/M_EnergyBall1.uasset" 721
"../../../../Projects/MobileRunner 4.25/Content/Lightning_Electricity_Pack/Materials/M_EnergyBall2.uasset" 722
"../../../../Projects/MobileRunner 4.25/Content/Lightning_Electricity_Pack/Materials/M_Lightning.uasset" 723
"../../../../Projects/MobileRunner 4.25/Content/Lightning_Electricity_Pack/Materials/M_SpriteMask.uasset" 724
"../../../../Projects/MobileRunner 4.25/Content/Lightning_Electricity_Pack/Particles/Modules/NMS_BeamComplexity.uasset" 725
"../../Plugins/FX/Niagara/Content/Functions/ProjectVectorOnPlane.uasset" 726
"../../Plugins/FX/Niagara/Content/Functions/RandomRange.uasset" 727
"../../Plugins/FX/Niagara/Content/Functions/RandomVector.uasset" 728
"../../../../Projects/MobileRunner 4.25/Content/Lightning_Electricity_Pack/Particles/Modules/NMS_DustParticlesLocation.uasset" 729
"../../../../Projects/MobileRunner 4.25/Content/Lightning_Electricity_Pack/Particles/Modules/NMS_Probability.uasset" 730
"../../Plugins/FX/Niagara/Content/DynamicInputs/Add/Add_Float.uasset" 731
"../../Plugins/FX/Niagara/Content/DynamicInputs/Helpers/NormalizeVector.uasset" 732
"../../Plugins/FX/Niagara/Content/DynamicInputs/Subtract/Subtract_Float.uasset" 733
"../../Plugins/FX/Niagara/Content/DynamicInputs/Subtract/Subtract_Vector.uasset" 734
"../../Plugins/FX/Niagara/Content/DynamicInputs/TypeConversions/MakeCustomFloatFromBool.uasset" 735
"../../Plugins/FX/Niagara/Content/DynamicInputs/TypeConversions/MakeCustomVectorFromBool.uasset" 736
"../../Plugins/FX/Niagara/Content/DynamicInputs/TypeConversions/Vector2DFromFloat.uasset" 737
"../../Plugins/FX/Niagara/Content/Functions/RandomRangeInteger.uasset" 738
"../../Plugins/FX/Niagara/Content/DynamicInputs/UniformRange/UniformRangedInt.uasset" 739
"../../Plugins/FX/Niagara/Content/DynamicInputs/ValueFromCurve/ColorFromCurve.uasset" 740
"../../Plugins/FX/Niagara/Content/DynamicInputs/ValueFromCurve/Vector2DFromCurve.uasset" 741
"../../Plugins/FX/Niagara/Content/DynamicInputs/Vectors/CrossProduct.uasset" 742
"../../Plugins/FX/Niagara/Content/Functions/Localspace/TransformPosition.uasset" 743
"../../Plugins/FX/Niagara/Content/Modules/Beams/BeamEmitterSetup.uasset" 744
"../../Plugins/FX/Niagara/Content/Modules/Beams/BeamWidth.uasset" 745
"../../Plugins/FX/Niagara/Content/Functions/NormalizedExecutionIndex.uasset" 746
"../../Plugins/FX/Niagara/Content/Functions/Spline/FindPositionOnBezierSpline.uasset" 747
"../../Plugins/FX/Niagara/Content/Modules/Beams/SpawnBeam.uasset" 748
"../../Plugins/FX/Niagara/Content/Enums/ENiagaraCalculateRadiusOptions.uasset" 749
"../../Plugins/FX/Niagara/Content/Functions/CalculateMeshRadius.uasset" 750
"../../Plugins/FX/Niagara/Content/Functions/CalculateRadiusFromSpriteSize.uasset" 751
"../../Plugins/FX/Niagara/Content/Functions/Helpers/DoOnce_fn.uasset" 752
"../../Plugins/FX/Niagara/Content/Functions/Collision/PlaneSphereCollisionDetection.uasset" 753
"../../Plugins/FX/Niagara/Content/Functions/Rotation/MultiplyVectorWithQuaternion.uasset" 754
"../../Plugins/FX/Niagara/Content/Functions/Collision/RandomizeCollisionNormals.uasset" 755
"../../Plugins/FX/Niagara/Content/Functions/Math/CentimeterMeterConversion.uasset" 756
"../../Plugins/FX/Niagara/Content/Functions/ReflectVector.uasset" 757
"../../Plugins/FX/Niagara/Content/Modules/Collision/NiagaraDistanceFieldCollisions.uasset" 758
"../../Plugins/FX/Niagara/Content/Modules/Collision/SceneDepthTest.uasset" 759
"../../Plugins/FX/Niagara/Content/Enums/ENiagara_CPUCollisionType.uasset" 760
"../../Plugins/FX/Niagara/Content/Enums/ENiagara_GPUCollisionType.uasset" 761
"../../Plugins/FX/Niagara/Content/Enums/ENiagaraFrictionMergeType.uasset" 762
"../../Plugins/FX/Niagara/Content/Enums/ENiagaraRestitutionMergeType.uasset" 763
"../../Plugins/FX/Niagara/Content/Modules/Collision/CollisionQueryAndResponse.uasset" 764
"../../Plugins/FX/Niagara/Content/Enums/ENiagaraCollisionRadiusOptions.uasset" 765
"../../Plugins/FX/Niagara/Content/Modules/Collision/Collision.uasset" 766
"../../Plugins/FX/Niagara/Content/Modules/Ribbons/ScaleRibbonWidth.uasset" 767
"../../Plugins/FX/Niagara/Content/Modules/Solvers/SolveForcesAndVelocity.uasset" 768
"../../Plugins/FX/Niagara/Content/Functions/Math/RemapValueRange.uasset" 769
"../../Plugins/FX/Niagara/Content/Functions/PolarToCartesianCoordinates.uasset" 770
"../../Plugins/FX/Niagara/Content/Functions/RandomVectorInCone.uasset" 771
"../../Plugins/FX/Niagara/Content/Modules/Spawn/Velocity/AddVelocityInCone.uasset" 772
"../../Plugins/FX/Niagara/Content/Modules/Update/Color/Color.uasset" 773
"../../Plugins/FX/Niagara/Content/Functions/FindAngleBetweenVectors.uasset" 774
"../../Plugins/FX/Niagara/Content/Functions/Masks/ConeMask.uasset" 775
"../../Plugins/FX/Niagara/Content/Enums/ENiagaraCurlNoiseQuality.uasset" 776
"../../Plugins/FX/Niagara/Content/VectorFields/Assets/TilingCurl16.uasset" 777
"../../Plugins/FX/Niagara/Content/VectorFields/Assets/TilingCurl32.uasset" 778
"../../Plugins/FX/Niagara/Content/VectorFields/Assets/TilingCurl64.uasset" 779
"../../Plugins/FX/Niagara/Content/Modules/Update/Forces/CurlNoiseForce.uasset" 780
"../../Plugins/FX/Niagara/Content/Modules/Update/Forces/Drag.uasset" 781
"../../Plugins/FX/Niagara/Content/Modules/Update/Forces/GravityForce.uasset" 782
"../../Plugins/FX/Niagara/Content/Modules/Update/Size/ScaleSpriteSize.uasset" 783
"../../Plugins/FX/Niagara/Content/Modules/Update/Size/ScaleSpriteSizeBySpeed.uasset" 784
"../../Plugins/FX/Niagara/Content/Enums/ENiagaraSimulationTarget.uasset" 785
"../../../../Projects/MobileRunner 4.25/Content/Lightning_Electricity_Pack/Particles/P_ElectricArc.uasset" 786
"../../../../Projects/MobileRunner 4.25/Content/Lightning_Electricity_Pack/Textures/T_Halo.uasset" 787
"../../../../Projects/MobileRunner 4.25/Content/Lightning_Electricity_Pack/Materials/M_Halo.uasset" 788
"../../../../Projects/MobileRunner 4.25/Content/Lightning_Electricity_Pack/Textures/T_HaloV2.uasset" 789
"../../../../Projects/MobileRunner 4.25/Content/Lightning_Electricity_Pack/Materials/M_Halo2.uasset" 790
"../../../Engine/Content/EngineVolumetrics/LightBeam/Materials/T_EV_LightBeam_Falloff_02.uasset" 791
"../../../../Projects/MobileRunner 4.25/Content/Lightning_Electricity_Pack/Textures/T_Clouds_N.uasset" 792
"../../../../Projects/MobileRunner 4.25/Content/Lightning_Electricity_Pack/Materials/M_ShockWave.uasset" 793
"../../../../Projects/MobileRunner 4.25/Content/Lightning_Electricity_Pack/Particles/P_Halo.uasset" 794
"../../../../Projects/MobileRunner 4.25/Content/Lightning_Electricity_Pack/Blueprints/BP_ElectricArcs.uasset" 795
"../../Plugins/FX/Niagara/Content/DynamicInputs/Divide/Divide_Float.uasset" 796
"../../../../Projects/MobileRunner 4.25/Content/Lightning_Electricity_Pack/Particles/P_BounceEffect.uasset" 797
"../../../../Projects/MobileRunner 4.25/Content/Lightning_Electricity_Pack/Blueprints/BP_Bounce.uasset" 798
"../../../../Projects/MobileRunner 4.25/Content/Lightning_Electricity_Pack/Blueprints/BP_ElectricDischarge.uasset" 799
"../../../../Projects/MobileRunner 4.25/Content/Lightning_Electricity_Pack/Particles/P_ArcsBetween2points.uasset" 800
"../../../../Projects/MobileRunner 4.25/Content/Lightning_Electricity_Pack/Blueprints/BP_ElectricityBetween2Points.uasset" 801
"../../../../Projects/MobileRunner 4.25/Content/Lightning_Electricity_Pack/Blueprints/BP_Decal.uasset" 802
"../../../../Projects/MobileRunner 4.25/Content/Lightning_Electricity_Pack/Particles/P_Laser.uasset" 803
"../../../../Projects/MobileRunner 4.25/Content/Lightning_Electricity_Pack/Particles/P_Laser_Lightning.uasset" 804
"../../../../Projects/MobileRunner 4.25/Content/Lightning_Electricity_Pack/Blueprints/BP_Laser.uasset" 805
"../../../../Projects/MobileRunner 4.25/Content/Lightning_Electricity_Pack/Particles/P_ElectricArcCannon.uasset" 806
"../../../../Projects/MobileRunner 4.25/Content/Lightning_Electricity_Pack/Textures/T_Explosion.uasset" 807
"../../../../Projects/MobileRunner 4.25/Content/Lightning_Electricity_Pack/Materials/M_Explosion.uasset" 808
"../../Plugins/FX/Niagara/Content/DynamicInputs/TypeConversions/MakeVector4_FromFloat.uasset" 809
"../../Plugins/FX/Niagara/Content/DynamicInputs/UniformRange/UniformRangedVector.uasset" 810
"../../Plugins/FX/Niagara/Content/Modules/Spawn/Velocity/AddVelocity.uasset" 811
"../../../../Projects/MobileRunner 4.25/Content/Lightning_Electricity_Pack/Particles/P_Explosion.uasset" 812
"../../../../Projects/MobileRunner 4.25/Content/Lightning_Electricity_Pack/Particles/P_Projectile.uasset" 813
"../../../../Projects/MobileRunner 4.25/Content/Lightning_Electricity_Pack/Blueprints/BP_Projectile.uasset" 814
"../../../../Projects/MobileRunner 4.25/Content/Lightning_Electricity_Pack/MAP/MAP_Materials/MI_Brown.uasset" 815
"../../../../Projects/MobileRunner 4.25/Content/Lightning_Electricity_Pack/Particles/P_SpawnProjectile.uasset" 816
"../../../../Projects/MobileRunner 4.25/Content/Lightning_Electricity_Pack/MAP/MAP_Materials/MI_Black.uasset" 817
"../../../../Projects/MobileRunner 4.25/Content/Lightning_Electricity_Pack/MAP/MAP_Meshes/SM_Cannon.uasset" 818
"../../../../Projects/MobileRunner 4.25/Content/Lightning_Electricity_Pack/Blueprints/BP_SpawnProjectile.uasset" 819
"../../../../Projects/MobileRunner 4.25/Content/Lightning_Electricity_Pack/MAP/MAP_Meshes/SM_Cable.uasset" 820
"../../../../Projects/MobileRunner 4.25/Content/Lightning_Electricity_Pack/MAP/MAP_Meshes/SM_Pole.uasset" 821
"../../../../Projects/MobileRunner 4.25/Content/Lightning_Electricity_Pack/Blueprints/BP_StaticMesh.uasset" 822
"../../../../Projects/MobileRunner 4.25/Content/Lightning_Electricity_Pack/Blueprints/BP_StormLight.uasset" 823
"../../../../Projects/MobileRunner 4.25/Content/Lightning_Electricity_Pack/Textures/T_CloudsSUB.uasset" 824
"../../../../Projects/MobileRunner 4.25/Content/Lightning_Electricity_Pack/Materials/M_Cloud.uasset" 825
"../../Plugins/FX/Niagara/Content/DynamicInputs/UniformRange/UniformRangedVector2D.uasset" 826
"../../Plugins/FX/Niagara/Content/Enums/ENiagaraOrientationAxis.uasset" 827
"../../Plugins/FX/Niagara/Content/Modules/Spawn/Location/CylinderLocation.uasset" 828
"../../../../Projects/MobileRunner 4.25/Content/Lightning_Electricity_Pack/Particles/P_Clouds.uasset" 829
"../../Plugins/FX/Niagara/Content/DynamicInputs/TypeConversions/MakeFloatFromInt.uasset" 830
"../../Plugins/FX/Niagara/Content/DynamicInputs/TypeConversions/MakeIntFromFloat.uasset" 831
"../../../../Projects/MobileRunner 4.25/Content/Lightning_Electricity_Pack/Particles/P_StormLightning.uasset" 832
"../../../../Projects/MobileRunner 4.25/Content/Lightning_Electricity_Pack/Blueprints/BP_Storm.uasset" 833
"../../../../Projects/MobileRunner 4.25/Content/Lightning_Electricity_Pack/MAP/Lightning_Electricity_Pack_MAP_BuiltData.uasset" 834
"../../../../Projects/MobileRunner 4.25/Content/Lightning_Electricity_Pack/MAP/MAP_Textures/T_Grass.uasset" 835
"../../../../Projects/MobileRunner 4.25/Content/Lightning_Electricity_Pack/MAP/MAP_Textures/T_GrassNormalMap.uasset" 836
"../../../../Projects/MobileRunner 4.25/Content/Lightning_Electricity_Pack/MAP/MAP_Materials/M_Grass.uasset" 837
"../../../../Projects/MobileRunner 4.25/Content/Lightning_Electricity_Pack/MAP/MAP_Textures/T_Tiles.uasset" 838
"../../../../Projects/MobileRunner 4.25/Content/Lightning_Electricity_Pack/MAP/MAP_Textures/T_Tiles_AmbientOcclusionMap.uasset" 839
"../../../../Projects/MobileRunner 4.25/Content/Lightning_Electricity_Pack/MAP/MAP_Textures/T_Tiles_NormalMap.uasset" 840
"../../../../Projects/MobileRunner 4.25/Content/Lightning_Electricity_Pack/MAP/MAP_Materials/M_Tiles.uasset" 841
"../../../Engine/Content/EngineMaterials/DefaultPhysicalMaterial.uasset" 842
"../../../../Projects/MobileRunner 4.25/Content/Lightning_Electricity_Pack/MAP/MAP_Meshes/SM_Stand_2.uasset" 843
"../../../../Projects/MobileRunner 4.25/Content/Lightning_Electricity_Pack/MAP/MAP_Materials/MI_Stand_2.uasset" 844
"../../../../Projects/MobileRunner 4.25/Content/Lightning_Electricity_Pack/MAP/MAP_Meshes/SM_Stand_3.uasset" 845
"../../../../Projects/MobileRunner 4.25/Content/Lightning_Electricity_Pack/MAP/Lightning_Electricity_Pack_MAP.umap" 846
"../../../Engine/Content/Functions/Engine_MaterialFunctions01/ImageAdjustment/CheapContrast.uasset" 847
"../../../../Projects/MobileRunner 4.25/Content/Lightning_Electricity_Pack/Textures/circle1.uasset" 848
"../../../../Projects/MobileRunner 4.25/Content/Lightning_Electricity_Pack/Textures/DEGRADE.uasset" 849
"../../../../Projects/MobileRunner 4.25/Content/Lightning_Electricity_Pack/Textures/EffectAura2.uasset" 850
"../../../../Projects/MobileRunner 4.25/Content/Lightning_Electricity_Pack/Textures/Shield2.uasset" 851
"../../../../Projects/MobileRunner 4.25/Content/Lightning_Electricity_Pack/Materials/M_Shield.uasset" 852
"../../../../Projects/MobileRunner 4.25/Content/Lightning_Electricity_Pack/Materials/MI_Shield_Animated.uasset" 853
"../../../../Projects/MobileRunner 4.25/Content/Lightning_Electricity_Pack/Particles/Modules/NMS_StaticMeshV2.uasset" 854
"../../Plugins/FX/Niagara/Content/DynamicInputs/LinearColor/MultiplyLinearColor.uasset" 855
"../../Plugins/FX/Niagara/Content/Functions/RandomBool.uasset" 856
"../../Plugins/FX/Niagara/Content/DynamicInputs/Random/RandomBool.uasset" 857
"../../../../Projects/MobileRunner 4.25/Content/Lightning_Electricity_Pack/Textures/T_RibbonOpacityV2.uasset" 858
"../../../../Projects/MobileRunner 4.25/Content/Lightning_Electricity_Pack/Materials/M_storm.uasset" 859
"../../../../Projects/MobileRunner 4.25/Content/Lightning_Electricity_Pack/Materials/MI_Storm_1.uasset" 860
"../../../../Projects/MobileRunner 4.25/Content/Lightning_Electricity_Pack/Materials/MI_Storm_11.uasset" 861
"../../../../Projects/MobileRunner 4.25/Content/Lightning_Electricity_Pack/Materials/MI_Storm_2.uasset" 862
"../../../../Projects/MobileRunner 4.25/Content/Lightning_Electricity_Pack/Materials/MI_Storm_22.uasset" 863
"../../../../Projects/MobileRunner 4.25/Content/Lightning_Electricity_Pack/Materials/MI_Storm_3.uasset" 864
"../../../../Projects/MobileRunner 4.25/Content/Lightning_Electricity_Pack/Materials/MI_Storm_4.uasset" 865
"../../../../Projects/MobileRunner 4.25/Content/Lightning_Electricity_Pack/Materials/MI_Storm_5.uasset" 866
"../../../../Projects/MobileRunner 4.25/Content/Lightning_Electricity_Pack/Meshes/SM_StaticMesh.uasset" 867
"../../../../Projects/MobileRunner 4.25/Content/Lightning_Electricity_Pack/Particles/V1_25/P_Shield.uasset" 868
"../../../../Projects/MobileRunner 4.25/Content/Lightning_Electricity_Pack/Materials/MI_Shield_Permanent.uasset" 869
"../../../../Projects/MobileRunner 4.25/Content/Lightning_Electricity_Pack/Meshes/SM_Shieldhemisphere.uasset" 870
"../../../../Projects/MobileRunner 4.25/Content/Lightning_Electricity_Pack/Blueprints/V1_25/BP_Shield_Animated.uasset" 871
"../../../../Projects/MobileRunner 4.25/Content/Lightning_Electricity_Pack/Blueprints/V1_25/BP_SkeletalMesh_ShieldExample1.uasset" 872
"../../../../Projects/MobileRunner 4.25/Content/Lightning_Electricity_Pack/Materials/MI_Shield_Animated2.uasset" 873
"../../../../Projects/MobileRunner 4.25/Content/Lightning_Electricity_Pack/Meshes/SM_Shield.uasset" 874
"../../../../Projects/MobileRunner 4.25/Content/Lightning_Electricity_Pack/Blueprints/V1_25/BP_Shield_Animated2.uasset" 875
"../../../../Projects/MobileRunner 4.25/Content/Lightning_Electricity_Pack/Blueprints/V1_25/BP_SkeletalMesh_ShieldExample2.uasset" 876
"../../Plugins/FX/Niagara/Content/DynamicInputs/Vectors/FindQuatBetweenTwoVectors.uasset" 877
"../../Plugins/FX/Niagara/Content/Functions/CalculateTriangleArea.uasset" 878
"../../Plugins/FX/Niagara/Content/Modules/Spawn/MeshInterface/Initialize_MeshReproductionSprite.uasset" 879
"../../Plugins/FX/Niagara/Content/Modules/Update/MeshInterface/Update_MeshReproductionSprite.uasset" 880
"../../../../Projects/MobileRunner 4.25/Content/Lightning_Electricity_Pack/Particles/V1_25/P_SkMesh_Lightning_V1_25.uasset" 881
"../../../../Projects/MobileRunner 4.25/Content/Lightning_Electricity_Pack/Blueprints/V1_25/BP_SkeletalMesh_V1_25.uasset" 882
"../../../../Projects/MobileRunner 4.25/Content/Lightning_Electricity_Pack/Materials/M_ElectricAura.uasset" 883
"../../../../Projects/MobileRunner 4.25/Content/Lightning_Electricity_Pack/Materials/M_ElectricPortal_Inst.uasset" 884
"../../../../Projects/MobileRunner 4.25/Content/Lightning_Electricity_Pack/Particles/Modules/NMS_RibbonElectricity.uasset" 885
"../../Plugins/FX/Niagara/Content/DynamicInputs/Lerp/Lerp_Vector.uasset" 886
"../../Plugins/FX/Niagara/Content/Modules/Spawn/Initialization/InitializeRibbon.uasset" 887
"../../Plugins/FX/Niagara/Content/Modules/Update/Position/JitterPosition.uasset" 888
"../../../../Projects/MobileRunner 4.25/Content/Lightning_Electricity_Pack/Particles/V1_25/P_Electric_Aura.uasset" 889
"../../../../Projects/MobileRunner 4.25/Content/Lightning_Electricity_Pack/Textures/Anneau.uasset" 890
"../../../../Projects/MobileRunner 4.25/Content/Lightning_Electricity_Pack/Materials/M_ShockWave1.uasset" 891
"../../Plugins/FX/Niagara/Content/DynamicInputs/Multiply/Multiply_Vector2.uasset" 892
"../../Plugins/FX/Niagara/Content/Modules/Solvers/ApplyInitialForces.uasset" 893
"../../Plugins/FX/Niagara/Content/Enums/ENiagaraMassByVolume.uasset" 894
"../../Plugins/FX/Niagara/Content/Modules/Update/Mass/CalculateSizeAndRotationalInertiaByMass.uasset" 895
"../../../../Projects/MobileRunner 4.25/Content/Lightning_Electricity_Pack/Meshes/SM_EffectHemisphere.uasset" 896
"../../../../Projects/MobileRunner 4.25/Content/Lightning_Electricity_Pack/Particles/V1_25/P_Spawn_Aura.uasset" 897
"../../../../Projects/MobileRunner 4.25/Content/Lightning_Electricity_Pack/Blueprints/V1_25/BP_AuraDecal.uasset" 898
"../../../../Projects/MobileRunner 4.25/Content/Lightning_Electricity_Pack/Particles/V1_25/P_curved_Arcs.uasset" 899
"../../../../Projects/MobileRunner 4.25/Content/Lightning_Electricity_Pack/Particles/Modules/NMS_LoopEffect_PermanentLightning.uasset" 900
"../../Plugins/FX/Niagara/Content/DynamicInputs/Angles/Sine.uasset" 901
"../../../../Projects/MobileRunner 4.25/Content/Lightning_Electricity_Pack/Particles/V1_25/P_PermanentArc1.uasset" 902
"../../../../Projects/MobileRunner 4.25/Content/Lightning_Electricity_Pack/Blueprints/V1_25/BP_PermanentArc_Example1.uasset" 903
"../../../../Projects/MobileRunner 4.25/Content/Lightning_Electricity_Pack/Particles/V1_25/P_PermanentArc2.uasset" 904
"../../../../Projects/MobileRunner 4.25/Content/Lightning_Electricity_Pack/Blueprints/V1_25/BP_PermanentArc_Example2.uasset" 905
"../../../../Projects/MobileRunner 4.25/Content/Lightning_Electricity_Pack/Blueprints/V1_25/BP_Shield_Permanent.uasset" 906
"../../../../Projects/MobileRunner 4.25/Content/Lightning_Electricity_Pack/Blueprints/V1_25/BP_Spawn_AuraDecal_Example.uasset" 907
"../../../../Projects/MobileRunner 4.25/Content/Lightning_Electricity_Pack/Blueprints/V1_25/BP_SphereMovement.uasset" 908
"../../../../Projects/MobileRunner 4.25/Content/Lightning_Electricity_Pack/Particles/V1_25/P_StMesh_Lightning_V1_25.uasset" 909
"../../../../Projects/MobileRunner 4.25/Content/Lightning_Electricity_Pack/Meshes/SM_Sphere.uasset" 910
"../../../../Projects/MobileRunner 4.25/Content/Lightning_Electricity_Pack/Blueprints/V1_25/BP_StaticMesh_V1_25.uasset" 911
"../../../../Projects/MobileRunner 4.25/Content/Lightning_Electricity_Pack/Particles/Modules/NMS_Lightning.uasset" 912
"../../../../Projects/MobileRunner 4.25/Content/Lightning_Electricity_Pack/Materials/MI_Storm_0.uasset" 913
"../../../../Projects/MobileRunner 4.25/Content/Lightning_Electricity_Pack/Materials/MI_Storm_221.uasset" 914
"../../../../Projects/MobileRunner 4.25/Content/Lightning_Electricity_Pack/Materials/MI_Storm_222.uasset" 915
"../../../../Projects/MobileRunner 4.25/Content/Lightning_Electricity_Pack/Materials/MI_Storm_51.uasset" 916
"../../../../Projects/MobileRunner 4.25/Content/Lightning_Electricity_Pack/Meshes/SM_StormLightning.uasset" 917
"../../../../Projects/MobileRunner 4.25/Content/Lightning_Electricity_Pack/Particles/V1_25/P_StormLightning_V1_25.uasset" 918
"../../../../Projects/MobileRunner 4.25/Content/Lightning_Electricity_Pack/Blueprints/V1_25/BP_Storm_V1_25.uasset" 919
"../../../../Projects/MobileRunner 4.25/Content/Lightning_Electricity_Pack/MAP/UPDATE_1_25_L_E_Pack_MAP_BuiltData.uasset" 920
"../../../Engine/Content/BasicShapes/Cylinder.uasset" 921
"../../../../Projects/MobileRunner 4.25/Content/Lightning_Electricity_Pack/MAP/UPDATE_1_25_L_E_Pack_MAP.umap" 922
"../../../../Projects/MobileRunner 4.25/Content/Lightning_Electricity_Pack/Virtual_Reality/VR_Particles/P_VR_SkeletalMesh_Lightning.uasset" 923
"../../../../Projects/MobileRunner 4.25/Content/Lightning_Electricity_Pack/Virtual_Reality/VR_Blueprints/BP_VR_SkeletalMesh.uasset" 924
"../../../../Projects/MobileRunner 4.25/Content/Lightning_Electricity_Pack/Virtual_Reality/VR_Particles/P_VR_ElectricArc.uasset" 925
"../../../../Projects/MobileRunner 4.25/Content/Lightning_Electricity_Pack/Virtual_Reality/VR_Materials/M_Halo2_VR.uasset" 926
"../../../../Projects/MobileRunner 4.25/Content/Lightning_Electricity_Pack/Virtual_Reality/VR_Materials/M_Halo_VR.uasset" 927
"../../../../Projects/MobileRunner 4.25/Content/Lightning_Electricity_Pack/Virtual_Reality/VR_Particles/P_VR_Halo.uasset" 928
"../../../../Projects/MobileRunner 4.25/Content/Lightning_Electricity_Pack/Virtual_Reality/VR_Blueprints/BP_VR_ElectricArcs.uasset" 929
"../../../../Projects/MobileRunner 4.25/Content/Lightning_Electricity_Pack/Virtual_Reality/VR_Particles/P_VR_BounceEffect.uasset" 930
"../../../../Projects/MobileRunner 4.25/Content/Lightning_Electricity_Pack/Virtual_Reality/VR_Blueprints/BP_VR_Bounce.uasset" 931
"../../../../Projects/MobileRunner 4.25/Content/Lightning_Electricity_Pack/Virtual_Reality/VR_Blueprints/BP_VR_ElectricDischarge.uasset" 932
"../../../../Projects/MobileRunner 4.25/Content/Lightning_Electricity_Pack/Virtual_Reality/VR_Particles/P_VR_ArcsBetween2points.uasset" 933
"../../../../Projects/MobileRunner 4.25/Content/Lightning_Electricity_Pack/Virtual_Reality/VR_Blueprints/BP_VR_ElectricityBetween2Points.uasset" 934
"../../../../Projects/MobileRunner 4.25/Content/Lightning_Electricity_Pack/Virtual_Reality/VR_Particles/P_VR_Laser1.uasset" 935
"../../../../Projects/MobileRunner 4.25/Content/Lightning_Electricity_Pack/Virtual_Reality/VR_Particles/P_VR_Laser_Lightning.uasset" 936
"../../../../Projects/MobileRunner 4.25/Content/Lightning_Electricity_Pack/Virtual_Reality/VR_Blueprints/BP_VR_Laser.uasset" 937
"../../../../Projects/MobileRunner 4.25/Content/Lightning_Electricity_Pack/Virtual_Reality/VR_Particles/P_VR_ElectricArcCannon.uasset" 938
"../../../../Projects/MobileRunner 4.25/Content/Lightning_Electricity_Pack/Virtual_Reality/VR_Materials/M_Explosion_VR.uasset" 939
"../../../../Projects/MobileRunner 4.25/Content/Lightning_Electricity_Pack/Virtual_Reality/VR_Particles/P_VR_Explosion.uasset" 940
"../../../../Projects/MobileRunner 4.25/Content/Lightning_Electricity_Pack/Virtual_Reality/VR_Particles/P_VR_Projectile.uasset" 941
"../../../../Projects/MobileRunner 4.25/Content/Lightning_Electricity_Pack/Virtual_Reality/VR_Blueprints/BP_VR_Projectile.uasset" 942
"../../../../Projects/MobileRunner 4.25/Content/Lightning_Electricity_Pack/Virtual_Reality/VR_Particles/P_VR_SpawnProjectile.uasset" 943
"../../../../Projects/MobileRunner 4.25/Content/Lightning_Electricity_Pack/Virtual_Reality/VR_Blueprints/BP_VR_SpawnProjectile.uasset" 944
"../../../../Projects/MobileRunner 4.25/Content/Lightning_Electricity_Pack/Virtual_Reality/VR_Particles/P_VR_StaticMesh_Lightning.uasset" 945
"../../../../Projects/MobileRunner 4.25/Content/Lightning_Electricity_Pack/Virtual_Reality/VR_Blueprints/BP_VR_StaticMesh.uasset" 946
"../../../../Projects/MobileRunner 4.25/Content/Lightning_Electricity_Pack/Virtual_Reality/VR_Materials/M_CloudVR.uasset" 947
"../../../../Projects/MobileRunner 4.25/Content/Lightning_Electricity_Pack/Virtual_Reality/VR_Particles/P_VR_Clouds.uasset" 948
"../../../../Projects/MobileRunner 4.25/Content/Lightning_Electricity_Pack/Virtual_Reality/VR_Particles/P_VR_StormLightning.uasset" 949
"../../../../Projects/MobileRunner 4.25/Content/Lightning_Electricity_Pack/Virtual_Reality/VR_Blueprints/BP_VR_Storm.uasset" 950
"../../../../Projects/MobileRunner 4.25/Content/Lightning_Electricity_Pack/MAP/VR_Lightning_Electricity_MAP_BuiltData.uasset" 951
"../../../../Projects/MobileRunner 4.25/Content/Lightning_Electricity_Pack/MAP/VR_Lightning_Electricity_MAP.umap" 952
"../../../../Projects/MobileRunner 4.25/Content/Lightning_Electricity_Pack/Virtual_Reality/VR_Materials/M_VR_Shield.uasset" 953
"../../../../Projects/MobileRunner 4.25/Content/Lightning_Electricity_Pack/Virtual_Reality/VR_Materials/MI_VR_Shield_Animated.uasset" 954
"../../../../Projects/MobileRunner 4.25/Content/Lightning_Electricity_Pack/Virtual_Reality/VR_Particles/V1_25/P_VR_Shield.uasset" 955
"../../../../Projects/MobileRunner 4.25/Content/Lightning_Electricity_Pack/Virtual_Reality/VR_Blueprints/V1_25/BP_VR_Shield_Animated.uasset" 956
"../../../../Projects/MobileRunner 4.25/Content/Lightning_Electricity_Pack/Virtual_Reality/VR_Blueprints/V1_25/BP_VR_SkeletalMesh_ShieldExample1.uasset" 957
"../../../../Projects/MobileRunner 4.25/Content/Lightning_Electricity_Pack/Virtual_Reality/VR_Materials/MI_VR_Shield_Animated2.uasset" 958
"../../../../Projects/MobileRunner 4.25/Content/Lightning_Electricity_Pack/Virtual_Reality/VR_Blueprints/V1_25/BP_VR_Shield_Animated2.uasset" 959
"../../../../Projects/MobileRunner 4.25/Content/Lightning_Electricity_Pack/Virtual_Reality/VR_Blueprints/V1_25/BP_VR_SkeletalMesh_ShieldExample2.uasset" 960
"../../../../Projects/MobileRunner 4.25/Content/Lightning_Electricity_Pack/Virtual_Reality/VR_Particles/V1_25/P_VR_SkMesh_Lightning_V1_25.uasset" 961
"../../../../Projects/MobileRunner 4.25/Content/Lightning_Electricity_Pack/Virtual_Reality/VR_Blueprints/V1_25/BP_VR_SkeletalMesh_V1_25.uasset" 962
"../../../../Projects/MobileRunner 4.25/Content/Lightning_Electricity_Pack/Virtual_Reality/VR_Particles/V1_25/P_VR_Spawn_Aura.uasset" 963
"../../../../Projects/MobileRunner 4.25/Content/Lightning_Electricity_Pack/Virtual_Reality/VR_Blueprints/V1_25/BP_VR_AuraDecal.uasset" 964
"../../../../Projects/MobileRunner 4.25/Content/Lightning_Electricity_Pack/Virtual_Reality/VR_Particles/V1_25/P_VR_curved_Arcs.uasset" 965
"../../../../Projects/MobileRunner 4.25/Content/Lightning_Electricity_Pack/Virtual_Reality/VR_Particles/V1_25/P_VR_PermanentArc1.uasset" 966
"../../../../Projects/MobileRunner 4.25/Content/Lightning_Electricity_Pack/Virtual_Reality/VR_Blueprints/V1_25/BP_VR_PermanentArc_Example1.uasset" 967
"../../../../Projects/MobileRunner 4.25/Content/Lightning_Electricity_Pack/Virtual_Reality/VR_Particles/V1_25/P_VR_PermanentArc2.uasset" 968
"../../../../Projects/MobileRunner 4.25/Content/Lightning_Electricity_Pack/Virtual_Reality/VR_Blueprints/V1_25/BP_VR_PermanentArc_Example2.uasset" 969
"../../../../Projects/MobileRunner 4.25/Content/Lightning_Electricity_Pack/Virtual_Reality/VR_Materials/MI_VR_Shield_Permanent.uasset" 970
"../../../../Projects/MobileRunner 4.25/Content/Lightning_Electricity_Pack/Virtual_Reality/VR_Blueprints/V1_25/BP_VR_Shield_Permanent.uasset" 971
"../../../../Projects/MobileRunner 4.25/Content/Lightning_Electricity_Pack/Virtual_Reality/VR_Blueprints/V1_25/BP_VR_Spawn_AuraDecal_Example.uasset" 972
"../../../../Projects/MobileRunner 4.25/Content/Lightning_Electricity_Pack/Virtual_Reality/VR_Particles/V1_25/P_VR_StMesh_Lightning_V1_25.uasset" 973
"../../../../Projects/MobileRunner 4.25/Content/Lightning_Electricity_Pack/Virtual_Reality/VR_Blueprints/V1_25/BP_VR_StaticMesh_V1_25.uasset" 974
"../../../../Projects/MobileRunner 4.25/Content/Lightning_Electricity_Pack/Virtual_Reality/VR_Particles/V1_25/P_VR_StormLightning_V1_25.uasset" 975
"../../../../Projects/MobileRunner 4.25/Content/Lightning_Electricity_Pack/Virtual_Reality/VR_Blueprints/V1_25/BP_VR_Storm_V1_25.uasset" 976
"../../../../Projects/MobileRunner 4.25/Content/Lightning_Electricity_Pack/MAP/VR_UPDATE_1_25_L_E_Pack_MAP_BuiltData.uasset" 977
"../../../../Projects/MobileRunner 4.25/Content/Lightning_Electricity_Pack/MAP/VR_UPDATE_1_25_L_E_Pack_MAP.umap" 978
"../../../Engine/Content/Maps/Entry_BuiltData.uasset" 979
"../../../Engine/Content/Maps/Entry.umap" 980
